#
# There is insufficient memory for the Java Runtime Environment to continue.
# Native memory allocation (malloc) failed to allocate 98552 bytes for Chunk::new
# Possible reasons:
#   The system is out of physical RAM or swap space
#   The process is running with CompressedOops enabled, and the Java Heap may be blocking the growth of the native heap
# Possible solutions:
#   Reduce memory load on the system
#   Increase physical memory or swap space
#   Check if swap backing store is full
#   Decrease Java heap size (-Xmx/-Xms)
#   Decrease number of Java threads
#   Decrease Java thread stack sizes (-Xss)
#   Set larger code cache with -XX:ReservedCodeCacheSize=
#   JVM is running with Unscaled Compressed Oops mode in which the Java heap is
#     placed in the first 4GB address space. The Java Heap base address is the
#     maximum limit for the native heap growth. Please use -XX:HeapBaseMinAddress
#     to set the Java Heap base and to place the Java Heap above 4GB virtual address.
# This output file may be truncated or incomplete.
#
#  Out of Memory Error (arena.cpp:184), pid=29132, tid=26892
#
# JRE version: Java(TM) SE Runtime Environment (19.0.1+10) (build 19.0.1+10-21)
# Java VM: Java HotSpot(TM) 64-Bit Server VM (19.0.1+10-21, mixed mode, tiered, compressed oops, compressed class ptrs, g1 gc, windows-amd64)
# No core dump will be written. Minidumps are not enabled by default on client versions of Windows
#

---------------  S U M M A R Y ------------

Command Line: -Dfile.encoding=UTF-8 --module-path=C:\Users\zyona\OneDrive\Documents\NetBeansProjects\Hotel Management System\build\classes hotel.management.system.CustomerForm

Host: 11th Gen Intel(R) Core(TM) i5-1135G7 @ 2.40GHz, 8 cores, 7G,  Windows 11 , 64 bit Build 22621 (10.0.22621.1194)
Time: Mon Feb 20 00:52:26 2023 E. Africa Standard Time elapsed time: 0.322484 seconds (0d 0h 0m 0s)

---------------  T H R E A D  ---------------

Current thread (0x000001b0324b9c40):  JavaThread "main" [_thread_in_vm, id=26892, stack(0x000000161f900000,0x000000161fa00000)]

Stack: [0x000000161f900000,0x000000161fa00000]
Native frames: (J=compiled Java code, j=interpreted, Vv=VM code, C=native code)
V  [jvm.dll+0x6ee8fa]
V  [jvm.dll+0x857a1e]
V  [jvm.dll+0x85940e]
V  [jvm.dll+0x859ac3]
V  [jvm.dll+0x28291f]
V  [jvm.dll+0xc9b5f]
V  [jvm.dll+0xc9ee5]
V  [jvm.dll+0x226718]
V  [jvm.dll+0x225556]
V  [jvm.dll+0x7ccb72]
V  [jvm.dll+0x7cdfba]
V  [jvm.dll+0x7ce73d]
V  [jvm.dll+0x21f1e5]
V  [jvm.dll+0x21458a]
V  [jvm.dll+0x5aa2d6]
V  [jvm.dll+0x22567a]
V  [jvm.dll+0x7ccb72]
V  [jvm.dll+0x7cdfba]
V  [jvm.dll+0x7ce73d]
V  [jvm.dll+0x21f1e5]
V  [jvm.dll+0x21458a]
V  [jvm.dll+0x5aa2d6]
V  [jvm.dll+0x22567a]
V  [jvm.dll+0x7ccb72]
V  [jvm.dll+0x7cdfba]
V  [jvm.dll+0x7ce73d]
V  [jvm.dll+0x21f1e5]
V  [jvm.dll+0x21458a]
V  [jvm.dll+0x5aa2d6]
V  [jvm.dll+0x22567a]
V  [jvm.dll+0x7ccb72]
V  [jvm.dll+0x7cdfba]
V  [jvm.dll+0x7ce73d]
V  [jvm.dll+0x21f1e5]
V  [jvm.dll+0x21458a]
V  [jvm.dll+0x5aa2d6]
V  [jvm.dll+0x22567a]
V  [jvm.dll+0x7ccb72]
V  [jvm.dll+0x7cdfba]
V  [jvm.dll+0x471656]
C  [java.dll+0x1a55]

Java frames: (J=compiled Java code, j=interpreted, Vv=VM code)
j  java.lang.ClassLoader.findBootstrapClass(Ljava/lang/String;)Ljava/lang/Class;+0 java.base@19.0.1
j  java.lang.ClassLoader.findBootstrapClassOrNull(Ljava/lang/String;)Ljava/lang/Class;+10 java.base@19.0.1
j  java.lang.System$2.findBootstrapClassOrNull(Ljava/lang/String;)Ljava/lang/Class;+1 java.base@19.0.1
j  jdk.internal.loader.ClassLoaders$BootClassLoader.loadClassOrNull(Ljava/lang/String;Z)Ljava/lang/Class;+4 java.base@19.0.1
j  jdk.internal.loader.BuiltinClassLoader.loadClassOrNull(Ljava/lang/String;)Ljava/lang/Class;+3 java.base@19.0.1
j  jdk.internal.loader.BuiltinClassLoader.loadClassOrNull(Ljava/lang/String;Z)Ljava/lang/Class;+66 java.base@19.0.1
j  jdk.internal.loader.BuiltinClassLoader.loadClass(Ljava/lang/String;Z)Ljava/lang/Class;+3 java.base@19.0.1
j  jdk.internal.loader.ClassLoaders$AppClassLoader.loadClass(Ljava/lang/String;Z)Ljava/lang/Class;+36 java.base@19.0.1
j  java.lang.ClassLoader.loadClass(Ljava/lang/String;)Ljava/lang/Class;+3 java.base@19.0.1
v  ~StubRoutines::call_stub 0x000001b0419510e8
j  java.lang.ClassLoader.defineClass1(Ljava/lang/ClassLoader;Ljava/lang/String;[BIILjava/security/ProtectionDomain;Ljava/lang/String;)Ljava/lang/Class;+0 java.base@19.0.1
j  java.lang.ClassLoader.defineClass(Ljava/lang/String;[BIILjava/security/ProtectionDomain;)Ljava/lang/Class;+27 java.base@19.0.1
j  java.security.SecureClassLoader.defineClass(Ljava/lang/String;[BIILjava/security/CodeSource;)Ljava/lang/Class;+12 java.base@19.0.1
j  jdk.internal.loader.BuiltinClassLoader.defineClass(Ljava/lang/String;Ljdk/internal/loader/Resource;)Ljava/lang/Class;+117 java.base@19.0.1
j  jdk.internal.loader.BuiltinClassLoader.findClassOnClassPathOrNull(Ljava/lang/String;)Ljava/lang/Class;+37 java.base@19.0.1
j  jdk.internal.loader.BuiltinClassLoader.loadClassOrNull(Ljava/lang/String;Z)Ljava/lang/Class;+111 java.base@19.0.1
j  jdk.internal.loader.BuiltinClassLoader.loadClass(Ljava/lang/String;Z)Ljava/lang/Class;+3 java.base@19.0.1
j  jdk.internal.loader.ClassLoaders$AppClassLoader.loadClass(Ljava/lang/String;Z)Ljava/lang/Class;+36 java.base@19.0.1
j  java.lang.ClassLoader.loadClass(Ljava/lang/String;)Ljava/lang/Class;+3 java.base@19.0.1
v  ~StubRoutines::call_stub 0x000001b0419510e8
j  java.lang.Class.forName0(Ljava/lang/String;ZLjava/lang/ClassLoader;Ljava/lang/Class;)Ljava/lang/Class;+0 java.base@19.0.1
j  java.lang.Class.forName(Ljava/lang/String;ZLjava/lang/ClassLoader;Ljava/lang/Class;)Ljava/lang/Class;+37 java.base@19.0.1
j  java.lang.Class.forName(Ljava/lang/String;ZLjava/lang/ClassLoader;)Ljava/lang/Class;+20 java.base@19.0.1
j  sun.launcher.LauncherHelper.loadMainClass(ILjava/lang/String;)Ljava/lang/Class;+95 java.base@19.0.1
j  sun.launcher.LauncherHelper.checkAndLoadMain(ZILjava/lang/String;)Ljava/lang/Class;+42 java.base@19.0.1
v  ~StubRoutines::call_stub 0x000001b0419510e8

---------------  P R O C E S S  ---------------

Threads class SMR info:
_java_thread_list=0x000001b054efa120, length=13, elements={
0x000001b0324b9c40, 0x000001b054cb3550, 0x000001b054cb3e80, 0x000001b054cb58b0,
0x000001b054c3a740, 0x000001b054c3d080, 0x000001b054c3e9c0, 0x000001b054cbdef0,
0x000001b054ce71d0, 0x000001b05044e370, 0x000001b054dde0f0, 0x000001b054eccfa0,
0x000001b054f247f0
}

Java Threads: ( => current thread )
=>0x000001b0324b9c40 JavaThread "main" [_thread_in_vm, id=26892, stack(0x000000161f900000,0x000000161fa00000)]
  0x000001b054cb3550 JavaThread "Reference Handler" daemon [_thread_blocked, id=14452, stack(0x0000001620000000,0x0000001620100000)]
  0x000001b054cb3e80 JavaThread "Finalizer" daemon [_thread_blocked, id=20964, stack(0x0000001620100000,0x0000001620200000)]
  0x000001b054cb58b0 JavaThread "Signal Dispatcher" daemon [_thread_blocked, id=28480, stack(0x0000001620200000,0x0000001620300000)]
  0x000001b054c3a740 JavaThread "Attach Listener" daemon [_thread_blocked, id=30680, stack(0x0000001620300000,0x0000001620400000)]
  0x000001b054c3d080 JavaThread "Service Thread" daemon [_thread_blocked, id=26360, stack(0x0000001620400000,0x0000001620500000)]
  0x000001b054c3e9c0 JavaThread "Monitor Deflation Thread" daemon [_thread_blocked, id=26172, stack(0x0000001620500000,0x0000001620600000)]
  0x000001b054cbdef0 JavaThread "C2 CompilerThread0" daemon [_thread_blocked, id=25292, stack(0x0000001620600000,0x0000001620700000)]
  0x000001b054ce71d0 JavaThread "C1 CompilerThread0" daemon [_thread_blocked, id=16156, stack(0x0000001620700000,0x0000001620800000)]
  0x000001b05044e370 JavaThread "Sweeper thread" daemon [_thread_blocked, id=17232, stack(0x0000001620800000,0x0000001620900000)]
  0x000001b054dde0f0 JavaThread "Common-Cleaner" daemon [_thread_blocked, id=24348, stack(0x0000001620900000,0x0000001620a00000)]
  0x000001b054eccfa0 JavaThread "C2 CompilerThread1" daemon [_thread_blocked, id=2112, stack(0x0000001620a00000,0x0000001620b00000)]
  0x000001b054f247f0 JavaThread "Notification Thread" daemon [_thread_blocked, id=19264, stack(0x0000001620b00000,0x0000001620c00000)]

Other Threads:
  0x000001b054c54240 VMThread "VM Thread" [stack: 0x000000161ff00000,0x0000001620000000] [id=12904]
  0x000001b054f5cce0 WatcherThread "VM Periodic Task Thread" [stack: 0x0000001620c00000,0x0000001620d00000] [id=2296]
  0x000001b032517d20 WorkerThread "GC Thread#0" [stack: 0x000000161fa00000,0x000000161fb00000] [id=25900]
  0x000001b032544640 ConcurrentGCThread "G1 Main Marker" [stack: 0x000000161fb00000,0x000000161fc00000] [id=17808]
  0x000001b032546590 WorkerThread "G1 Conc#0" [stack: 0x000000161fc00000,0x000000161fd00000] [id=10268]
  0x000001b0502d4020 ConcurrentGCThread "G1 Refine#0" [stack: 0x000000161fd00000,0x000000161fe00000] [id=25872]
  0x000001b0502d4810 ConcurrentGCThread "G1 Service" [stack: 0x000000161fe00000,0x000000161ff00000] [id=25716]

Threads with active compile tasks:

VM state: not at safepoint (normal execution)

VM Mutex/Monitor currently owned by a thread: None

Heap address: 0x0000000085800000, size: 1960 MB, Compressed Oops mode: 32-bit

CDS archive(s) not mapped
Compressed class space mapped at: 0x0000000100000000-0x0000000140000000, reserved size: 1073741824
Narrow klass base: 0x0000000000000000, Narrow klass shift: 3, Narrow klass range: 0x140000000

GC Precious Log:
 CardTable entry size: 512
 Card Set container configuration: InlinePtr #cards 5 size 8 Array Of Cards #cards 12 size 40 Howl #buckets 4 coarsen threshold 1843 Howl Bitmap #cards 512 size 80 coarsen threshold 460 Card regions per heap region 1 cards per card region 2048
 CPUs: 8 total, 8 available
 Memory: 7834M
 Large Page Support: Disabled
 NUMA Support: Disabled
 Compressed Oops: Enabled (32-bit)
 Heap Region Size: 1M
 Heap Min Capacity: 8M
 Heap Initial Capacity: 124M
 Heap Max Capacity: 1960M
 Pre-touch: Disabled
 Parallel Workers: 8
 Concurrent Workers: 2
 Concurrent Refinement Workers: 8
 Periodic GC: Disabled

Heap:
 garbage-first heap   total 126976K, used 2048K [0x0000000085800000, 0x0000000100000000)
  region size 1024K, 3 young (3072K), 0 survivors (0K)
 Metaspace       used 6784K, committed 6848K, reserved 1114112K
  class space    used 539K, committed 576K, reserved 1048576K

Heap Regions: E=young(eden), S=young(survivor), O=old, HS=humongous(starts), HC=humongous(continues), CS=collection set, F=free, OA=open archive, CA=closed archive, TAMS=top-at-mark-start (previous, next)
|   0|0x0000000085800000, 0x0000000085800000, 0x0000000085900000|  0%| F|  |TAMS 0x0000000085800000, 0x0000000085800000| Untracked 
|   1|0x0000000085900000, 0x0000000085900000, 0x0000000085a00000|  0%| F|  |TAMS 0x0000000085900000, 0x0000000085900000| Untracked 
|   2|0x0000000085a00000, 0x0000000085a00000, 0x0000000085b00000|  0%| F|  |TAMS 0x0000000085a00000, 0x0000000085a00000| Untracked 
|   3|0x0000000085b00000, 0x0000000085b00000, 0x0000000085c00000|  0%| F|  |TAMS 0x0000000085b00000, 0x0000000085b00000| Untracked 
|   4|0x0000000085c00000, 0x0000000085c00000, 0x0000000085d00000|  0%| F|  |TAMS 0x0000000085c00000, 0x0000000085c00000| Untracked 
|   5|0x0000000085d00000, 0x0000000085d00000, 0x0000000085e00000|  0%| F|  |TAMS 0x0000000085d00000, 0x0000000085d00000| Untracked 
|   6|0x0000000085e00000, 0x0000000085e00000, 0x0000000085f00000|  0%| F|  |TAMS 0x0000000085e00000, 0x0000000085e00000| Untracked 
|   7|0x0000000085f00000, 0x0000000085f00000, 0x0000000086000000|  0%| F|  |TAMS 0x0000000085f00000, 0x0000000085f00000| Untracked 
|   8|0x0000000086000000, 0x0000000086000000, 0x0000000086100000|  0%| F|  |TAMS 0x0000000086000000, 0x0000000086000000| Untracked 
|   9|0x0000000086100000, 0x0000000086100000, 0x0000000086200000|  0%| F|  |TAMS 0x0000000086100000, 0x0000000086100000| Untracked 
|  10|0x0000000086200000, 0x0000000086200000, 0x0000000086300000|  0%| F|  |TAMS 0x0000000086200000, 0x0000000086200000| Untracked 
|  11|0x0000000086300000, 0x0000000086300000, 0x0000000086400000|  0%| F|  |TAMS 0x0000000086300000, 0x0000000086300000| Untracked 
|  12|0x0000000086400000, 0x0000000086400000, 0x0000000086500000|  0%| F|  |TAMS 0x0000000086400000, 0x0000000086400000| Untracked 
|  13|0x0000000086500000, 0x0000000086500000, 0x0000000086600000|  0%| F|  |TAMS 0x0000000086500000, 0x0000000086500000| Untracked 
|  14|0x0000000086600000, 0x0000000086600000, 0x0000000086700000|  0%| F|  |TAMS 0x0000000086600000, 0x0000000086600000| Untracked 
|  15|0x0000000086700000, 0x0000000086700000, 0x0000000086800000|  0%| F|  |TAMS 0x0000000086700000, 0x0000000086700000| Untracked 
|  16|0x0000000086800000, 0x0000000086800000, 0x0000000086900000|  0%| F|  |TAMS 0x0000000086800000, 0x0000000086800000| Untracked 
|  17|0x0000000086900000, 0x0000000086900000, 0x0000000086a00000|  0%| F|  |TAMS 0x0000000086900000, 0x0000000086900000| Untracked 
|  18|0x0000000086a00000, 0x0000000086a00000, 0x0000000086b00000|  0%| F|  |TAMS 0x0000000086a00000, 0x0000000086a00000| Untracked 
|  19|0x0000000086b00000, 0x0000000086b00000, 0x0000000086c00000|  0%| F|  |TAMS 0x0000000086b00000, 0x0000000086b00000| Untracked 
|  20|0x0000000086c00000, 0x0000000086c00000, 0x0000000086d00000|  0%| F|  |TAMS 0x0000000086c00000, 0x0000000086c00000| Untracked 
|  21|0x0000000086d00000, 0x0000000086d00000, 0x0000000086e00000|  0%| F|  |TAMS 0x0000000086d00000, 0x0000000086d00000| Untracked 
|  22|0x0000000086e00000, 0x0000000086e00000, 0x0000000086f00000|  0%| F|  |TAMS 0x0000000086e00000, 0x0000000086e00000| Untracked 
|  23|0x0000000086f00000, 0x0000000086f00000, 0x0000000087000000|  0%| F|  |TAMS 0x0000000086f00000, 0x0000000086f00000| Untracked 
|  24|0x0000000087000000, 0x0000000087000000, 0x0000000087100000|  0%| F|  |TAMS 0x0000000087000000, 0x0000000087000000| Untracked 
|  25|0x0000000087100000, 0x0000000087100000, 0x0000000087200000|  0%| F|  |TAMS 0x0000000087100000, 0x0000000087100000| Untracked 
|  26|0x0000000087200000, 0x0000000087200000, 0x0000000087300000|  0%| F|  |TAMS 0x0000000087200000, 0x0000000087200000| Untracked 
|  27|0x0000000087300000, 0x0000000087300000, 0x0000000087400000|  0%| F|  |TAMS 0x0000000087300000, 0x0000000087300000| Untracked 
|  28|0x0000000087400000, 0x0000000087400000, 0x0000000087500000|  0%| F|  |TAMS 0x0000000087400000, 0x0000000087400000| Untracked 
|  29|0x0000000087500000, 0x0000000087500000, 0x0000000087600000|  0%| F|  |TAMS 0x0000000087500000, 0x0000000087500000| Untracked 
|  30|0x0000000087600000, 0x0000000087600000, 0x0000000087700000|  0%| F|  |TAMS 0x0000000087600000, 0x0000000087600000| Untracked 
|  31|0x0000000087700000, 0x0000000087700000, 0x0000000087800000|  0%| F|  |TAMS 0x0000000087700000, 0x0000000087700000| Untracked 
|  32|0x0000000087800000, 0x0000000087800000, 0x0000000087900000|  0%| F|  |TAMS 0x0000000087800000, 0x0000000087800000| Untracked 
|  33|0x0000000087900000, 0x0000000087900000, 0x0000000087a00000|  0%| F|  |TAMS 0x0000000087900000, 0x0000000087900000| Untracked 
|  34|0x0000000087a00000, 0x0000000087a00000, 0x0000000087b00000|  0%| F|  |TAMS 0x0000000087a00000, 0x0000000087a00000| Untracked 
|  35|0x0000000087b00000, 0x0000000087b00000, 0x0000000087c00000|  0%| F|  |TAMS 0x0000000087b00000, 0x0000000087b00000| Untracked 
|  36|0x0000000087c00000, 0x0000000087c00000, 0x0000000087d00000|  0%| F|  |TAMS 0x0000000087c00000, 0x0000000087c00000| Untracked 
|  37|0x0000000087d00000, 0x0000000087d00000, 0x0000000087e00000|  0%| F|  |TAMS 0x0000000087d00000, 0x0000000087d00000| Untracked 
|  38|0x0000000087e00000, 0x0000000087e00000, 0x0000000087f00000|  0%| F|  |TAMS 0x0000000087e00000, 0x0000000087e00000| Untracked 
|  39|0x0000000087f00000, 0x0000000087f00000, 0x0000000088000000|  0%| F|  |TAMS 0x0000000087f00000, 0x0000000087f00000| Untracked 
|  40|0x0000000088000000, 0x0000000088000000, 0x0000000088100000|  0%| F|  |TAMS 0x0000000088000000, 0x0000000088000000| Untracked 
|  41|0x0000000088100000, 0x0000000088100000, 0x0000000088200000|  0%| F|  |TAMS 0x0000000088100000, 0x0000000088100000| Untracked 
|  42|0x0000000088200000, 0x0000000088200000, 0x0000000088300000|  0%| F|  |TAMS 0x0000000088200000, 0x0000000088200000| Untracked 
|  43|0x0000000088300000, 0x0000000088300000, 0x0000000088400000|  0%| F|  |TAMS 0x0000000088300000, 0x0000000088300000| Untracked 
|  44|0x0000000088400000, 0x0000000088400000, 0x0000000088500000|  0%| F|  |TAMS 0x0000000088400000, 0x0000000088400000| Untracked 
|  45|0x0000000088500000, 0x0000000088500000, 0x0000000088600000|  0%| F|  |TAMS 0x0000000088500000, 0x0000000088500000| Untracked 
|  46|0x0000000088600000, 0x0000000088600000, 0x0000000088700000|  0%| F|  |TAMS 0x0000000088600000, 0x0000000088600000| Untracked 
|  47|0x0000000088700000, 0x0000000088700000, 0x0000000088800000|  0%| F|  |TAMS 0x0000000088700000, 0x0000000088700000| Untracked 
|  48|0x0000000088800000, 0x0000000088800000, 0x0000000088900000|  0%| F|  |TAMS 0x0000000088800000, 0x0000000088800000| Untracked 
|  49|0x0000000088900000, 0x0000000088900000, 0x0000000088a00000|  0%| F|  |TAMS 0x0000000088900000, 0x0000000088900000| Untracked 
|  50|0x0000000088a00000, 0x0000000088a00000, 0x0000000088b00000|  0%| F|  |TAMS 0x0000000088a00000, 0x0000000088a00000| Untracked 
|  51|0x0000000088b00000, 0x0000000088b00000, 0x0000000088c00000|  0%| F|  |TAMS 0x0000000088b00000, 0x0000000088b00000| Untracked 
|  52|0x0000000088c00000, 0x0000000088c00000, 0x0000000088d00000|  0%| F|  |TAMS 0x0000000088c00000, 0x0000000088c00000| Untracked 
|  53|0x0000000088d00000, 0x0000000088d00000, 0x0000000088e00000|  0%| F|  |TAMS 0x0000000088d00000, 0x0000000088d00000| Untracked 
|  54|0x0000000088e00000, 0x0000000088e00000, 0x0000000088f00000|  0%| F|  |TAMS 0x0000000088e00000, 0x0000000088e00000| Untracked 
|  55|0x0000000088f00000, 0x0000000088f00000, 0x0000000089000000|  0%| F|  |TAMS 0x0000000088f00000, 0x0000000088f00000| Untracked 
|  56|0x0000000089000000, 0x0000000089000000, 0x0000000089100000|  0%| F|  |TAMS 0x0000000089000000, 0x0000000089000000| Untracked 
|  57|0x0000000089100000, 0x0000000089100000, 0x0000000089200000|  0%| F|  |TAMS 0x0000000089100000, 0x0000000089100000| Untracked 
|  58|0x0000000089200000, 0x0000000089200000, 0x0000000089300000|  0%| F|  |TAMS 0x0000000089200000, 0x0000000089200000| Untracked 
|  59|0x0000000089300000, 0x0000000089300000, 0x0000000089400000|  0%| F|  |TAMS 0x0000000089300000, 0x0000000089300000| Untracked 
|  60|0x0000000089400000, 0x0000000089400000, 0x0000000089500000|  0%| F|  |TAMS 0x0000000089400000, 0x0000000089400000| Untracked 
|  61|0x0000000089500000, 0x0000000089500000, 0x0000000089600000|  0%| F|  |TAMS 0x0000000089500000, 0x0000000089500000| Untracked 
|  62|0x0000000089600000, 0x0000000089600000, 0x0000000089700000|  0%| F|  |TAMS 0x0000000089600000, 0x0000000089600000| Untracked 
|  63|0x0000000089700000, 0x0000000089700000, 0x0000000089800000|  0%| F|  |TAMS 0x0000000089700000, 0x0000000089700000| Untracked 
|  64|0x0000000089800000, 0x0000000089800000, 0x0000000089900000|  0%| F|  |TAMS 0x0000000089800000, 0x0000000089800000| Untracked 
|  65|0x0000000089900000, 0x0000000089900000, 0x0000000089a00000|  0%| F|  |TAMS 0x0000000089900000, 0x0000000089900000| Untracked 
|  66|0x0000000089a00000, 0x0000000089a00000, 0x0000000089b00000|  0%| F|  |TAMS 0x0000000089a00000, 0x0000000089a00000| Untracked 
|  67|0x0000000089b00000, 0x0000000089b00000, 0x0000000089c00000|  0%| F|  |TAMS 0x0000000089b00000, 0x0000000089b00000| Untracked 
|  68|0x0000000089c00000, 0x0000000089c00000, 0x0000000089d00000|  0%| F|  |TAMS 0x0000000089c00000, 0x0000000089c00000| Untracked 
|  69|0x0000000089d00000, 0x0000000089d00000, 0x0000000089e00000|  0%| F|  |TAMS 0x0000000089d00000, 0x0000000089d00000| Untracked 
|  70|0x0000000089e00000, 0x0000000089e00000, 0x0000000089f00000|  0%| F|  |TAMS 0x0000000089e00000, 0x0000000089e00000| Untracked 
|  71|0x0000000089f00000, 0x0000000089f00000, 0x000000008a000000|  0%| F|  |TAMS 0x0000000089f00000, 0x0000000089f00000| Untracked 
|  72|0x000000008a000000, 0x000000008a000000, 0x000000008a100000|  0%| F|  |TAMS 0x000000008a000000, 0x000000008a000000| Untracked 
|  73|0x000000008a100000, 0x000000008a100000, 0x000000008a200000|  0%| F|  |TAMS 0x000000008a100000, 0x000000008a100000| Untracked 
|  74|0x000000008a200000, 0x000000008a200000, 0x000000008a300000|  0%| F|  |TAMS 0x000000008a200000, 0x000000008a200000| Untracked 
|  75|0x000000008a300000, 0x000000008a300000, 0x000000008a400000|  0%| F|  |TAMS 0x000000008a300000, 0x000000008a300000| Untracked 
|  76|0x000000008a400000, 0x000000008a400000, 0x000000008a500000|  0%| F|  |TAMS 0x000000008a400000, 0x000000008a400000| Untracked 
|  77|0x000000008a500000, 0x000000008a500000, 0x000000008a600000|  0%| F|  |TAMS 0x000000008a500000, 0x000000008a500000| Untracked 
|  78|0x000000008a600000, 0x000000008a600000, 0x000000008a700000|  0%| F|  |TAMS 0x000000008a600000, 0x000000008a600000| Untracked 
|  79|0x000000008a700000, 0x000000008a700000, 0x000000008a800000|  0%| F|  |TAMS 0x000000008a700000, 0x000000008a700000| Untracked 
|  80|0x000000008a800000, 0x000000008a800000, 0x000000008a900000|  0%| F|  |TAMS 0x000000008a800000, 0x000000008a800000| Untracked 
|  81|0x000000008a900000, 0x000000008a900000, 0x000000008aa00000|  0%| F|  |TAMS 0x000000008a900000, 0x000000008a900000| Untracked 
|  82|0x000000008aa00000, 0x000000008aa00000, 0x000000008ab00000|  0%| F|  |TAMS 0x000000008aa00000, 0x000000008aa00000| Untracked 
|  83|0x000000008ab00000, 0x000000008ab00000, 0x000000008ac00000|  0%| F|  |TAMS 0x000000008ab00000, 0x000000008ab00000| Untracked 
|  84|0x000000008ac00000, 0x000000008ac00000, 0x000000008ad00000|  0%| F|  |TAMS 0x000000008ac00000, 0x000000008ac00000| Untracked 
|  85|0x000000008ad00000, 0x000000008ad00000, 0x000000008ae00000|  0%| F|  |TAMS 0x000000008ad00000, 0x000000008ad00000| Untracked 
|  86|0x000000008ae00000, 0x000000008ae00000, 0x000000008af00000|  0%| F|  |TAMS 0x000000008ae00000, 0x000000008ae00000| Untracked 
|  87|0x000000008af00000, 0x000000008af00000, 0x000000008b000000|  0%| F|  |TAMS 0x000000008af00000, 0x000000008af00000| Untracked 
|  88|0x000000008b000000, 0x000000008b000000, 0x000000008b100000|  0%| F|  |TAMS 0x000000008b000000, 0x000000008b000000| Untracked 
|  89|0x000000008b100000, 0x000000008b100000, 0x000000008b200000|  0%| F|  |TAMS 0x000000008b100000, 0x000000008b100000| Untracked 
|  90|0x000000008b200000, 0x000000008b200000, 0x000000008b300000|  0%| F|  |TAMS 0x000000008b200000, 0x000000008b200000| Untracked 
|  91|0x000000008b300000, 0x000000008b300000, 0x000000008b400000|  0%| F|  |TAMS 0x000000008b300000, 0x000000008b300000| Untracked 
|  92|0x000000008b400000, 0x000000008b400000, 0x000000008b500000|  0%| F|  |TAMS 0x000000008b400000, 0x000000008b400000| Untracked 
|  93|0x000000008b500000, 0x000000008b500000, 0x000000008b600000|  0%| F|  |TAMS 0x000000008b500000, 0x000000008b500000| Untracked 
|  94|0x000000008b600000, 0x000000008b600000, 0x000000008b700000|  0%| F|  |TAMS 0x000000008b600000, 0x000000008b600000| Untracked 
|  95|0x000000008b700000, 0x000000008b700000, 0x000000008b800000|  0%| F|  |TAMS 0x000000008b700000, 0x000000008b700000| Untracked 
|  96|0x000000008b800000, 0x000000008b800000, 0x000000008b900000|  0%| F|  |TAMS 0x000000008b800000, 0x000000008b800000| Untracked 
|  97|0x000000008b900000, 0x000000008b900000, 0x000000008ba00000|  0%| F|  |TAMS 0x000000008b900000, 0x000000008b900000| Untracked 
|  98|0x000000008ba00000, 0x000000008ba00000, 0x000000008bb00000|  0%| F|  |TAMS 0x000000008ba00000, 0x000000008ba00000| Untracked 
|  99|0x000000008bb00000, 0x000000008bb00000, 0x000000008bc00000|  0%| F|  |TAMS 0x000000008bb00000, 0x000000008bb00000| Untracked 
| 100|0x000000008bc00000, 0x000000008bc00000, 0x000000008bd00000|  0%| F|  |TAMS 0x000000008bc00000, 0x000000008bc00000| Untracked 
| 101|0x000000008bd00000, 0x000000008bd00000, 0x000000008be00000|  0%| F|  |TAMS 0x000000008bd00000, 0x000000008bd00000| Untracked 
| 102|0x000000008be00000, 0x000000008be00000, 0x000000008bf00000|  0%| F|  |TAMS 0x000000008be00000, 0x000000008be00000| Untracked 
| 103|0x000000008bf00000, 0x000000008bf00000, 0x000000008c000000|  0%| F|  |TAMS 0x000000008bf00000, 0x000000008bf00000| Untracked 
| 104|0x000000008c000000, 0x000000008c000000, 0x000000008c100000|  0%| F|  |TAMS 0x000000008c000000, 0x000000008c000000| Untracked 
| 105|0x000000008c100000, 0x000000008c100000, 0x000000008c200000|  0%| F|  |TAMS 0x000000008c100000, 0x000000008c100000| Untracked 
| 106|0x000000008c200000, 0x000000008c200000, 0x000000008c300000|  0%| F|  |TAMS 0x000000008c200000, 0x000000008c200000| Untracked 
| 107|0x000000008c300000, 0x000000008c300000, 0x000000008c400000|  0%| F|  |TAMS 0x000000008c300000, 0x000000008c300000| Untracked 
| 108|0x000000008c400000, 0x000000008c400000, 0x000000008c500000|  0%| F|  |TAMS 0x000000008c400000, 0x000000008c400000| Untracked 
| 109|0x000000008c500000, 0x000000008c500000, 0x000000008c600000|  0%| F|  |TAMS 0x000000008c500000, 0x000000008c500000| Untracked 
| 110|0x000000008c600000, 0x000000008c600000, 0x000000008c700000|  0%| F|  |TAMS 0x000000008c600000, 0x000000008c600000| Untracked 
| 111|0x000000008c700000, 0x000000008c700000, 0x000000008c800000|  0%| F|  |TAMS 0x000000008c700000, 0x000000008c700000| Untracked 
| 112|0x000000008c800000, 0x000000008c800000, 0x000000008c900000|  0%| F|  |TAMS 0x000000008c800000, 0x000000008c800000| Untracked 
| 113|0x000000008c900000, 0x000000008c900000, 0x000000008ca00000|  0%| F|  |TAMS 0x000000008c900000, 0x000000008c900000| Untracked 
| 114|0x000000008ca00000, 0x000000008ca00000, 0x000000008cb00000|  0%| F|  |TAMS 0x000000008ca00000, 0x000000008ca00000| Untracked 
| 115|0x000000008cb00000, 0x000000008cb00000, 0x000000008cc00000|  0%| F|  |TAMS 0x000000008cb00000, 0x000000008cb00000| Untracked 
| 116|0x000000008cc00000, 0x000000008cc00000, 0x000000008cd00000|  0%| F|  |TAMS 0x000000008cc00000, 0x000000008cc00000| Untracked 
| 117|0x000000008cd00000, 0x000000008cd00000, 0x000000008ce00000|  0%| F|  |TAMS 0x000000008cd00000, 0x000000008cd00000| Untracked 
| 118|0x000000008ce00000, 0x000000008ce00000, 0x000000008cf00000|  0%| F|  |TAMS 0x000000008ce00000, 0x000000008ce00000| Untracked 
| 119|0x000000008cf00000, 0x000000008cf00000, 0x000000008d000000|  0%| F|  |TAMS 0x000000008cf00000, 0x000000008cf00000| Untracked 
| 120|0x000000008d000000, 0x000000008d000000, 0x000000008d100000|  0%| F|  |TAMS 0x000000008d000000, 0x000000008d000000| Untracked 
| 121|0x000000008d100000, 0x000000008d1ec0c8, 0x000000008d200000| 92%| E|  |TAMS 0x000000008d100000, 0x000000008d100000| Complete 
| 122|0x000000008d200000, 0x000000008d300000, 0x000000008d300000|100%| E|CS|TAMS 0x000000008d200000, 0x000000008d200000| Complete 
| 123|0x000000008d300000, 0x000000008d400000, 0x000000008d400000|100%| E|CS|TAMS 0x000000008d300000, 0x000000008d300000| Complete 

Card table byte_map: [0x000001b049b30000,0x000001b049f10000] _byte_map_base: 0x000001b049704000

Marking Bits (Prev, Next): (CMBitMap*) 0x000001b032518250, (CMBitMap*) 0x000001b032518290
 Prev Bits: [0x000001b04a2f0000, 0x000001b04c190000)
 Next Bits: [0x000001b04c190000, 0x000001b04e030000)

Polling page: 0x000001b031c80000

Metaspace:

Usage:
  Non-class:      6.10 MB used.
      Class:    539.90 KB used.
       Both:      6.63 MB used.

Virtual space:
  Non-class space:       64.00 MB reserved,       6.12 MB ( 10%) committed,  1 nodes.
      Class space:        1.00 GB reserved,     576.00 KB ( <1%) committed,  1 nodes.
             Both:        1.06 GB reserved,       6.69 MB ( <1%) committed. 

Chunk freelists:
   Non-Class:  1.00 MB
       Class:  3.25 MB
        Both:  4.25 MB

MaxMetaspaceSize: unlimited
CompressedClassSpaceSize: 1.00 GB
Initial GC threshold: 21.00 MB
Current GC threshold: 21.00 MB
CDS: off
MetaspaceReclaimPolicy: balanced
 - commit_granule_bytes: 65536.
 - commit_granule_words: 8192.
 - virtual_space_node_default_size: 8388608.
 - enlarge_chunks_in_place: 1.
 - new_chunks_are_fully_committed: 0.
 - uncommit_free_chunks: 1.
 - use_allocation_guard: 0.


Internal statistics:

num_allocs_failed_limit: 0.
num_arena_births: 8.
num_arena_deaths: 0.
num_vsnodes_births: 2.
num_vsnodes_deaths: 0.
num_space_committed: 107.
num_space_uncommitted: 0.
num_chunks_returned_to_freelist: 0.
num_chunks_taken_from_freelist: 24.
num_chunk_merges: 0.
num_chunk_splits: 8.
num_chunks_enlarged: 2.
num_inconsistent_stats: 0.

CodeHeap 'non-profiled nmethods': size=120000Kb used=69Kb max_used=69Kb free=119930Kb
 bounds [0x000001b041ef0000, 0x000001b042160000, 0x000001b049420000]
CodeHeap 'profiled nmethods': size=120000Kb used=240Kb max_used=240Kb free=119759Kb
 bounds [0x000001b03a420000, 0x000001b03a690000, 0x000001b041950000]
CodeHeap 'non-nmethods': size=5760Kb used=1204Kb max_used=1218Kb free=4555Kb
 bounds [0x000001b041950000, 0x000001b041bc0000, 0x000001b041ef0000]
 total_blobs=600 nmethods=215 adapters=296
 compilation: enabled
              stopped_count=0, restarted_count=0
 full_count=0

Compilation events (20 events):
Event: 0.314 Thread 0x000001b054ce71d0 nmethod 213 0x000001b03a456710 code [0x000001b03a4568e0, 0x000001b03a456c18]
Event: 0.314 Thread 0x000001b054ce71d0  205       3       java.util.zip.ZipUtils::CENNAM (9 bytes)
Event: 0.314 Thread 0x000001b054ce71d0 nmethod 205 0x000001b03a456e10 code [0x000001b03a456fc0, 0x000001b03a457178]
Event: 0.314 Thread 0x000001b054ce71d0  206       3       java.util.zip.ZipFile$Source::zipCoderForPos (39 bytes)
Event: 0.314 Thread 0x000001b054ce71d0 nmethod 206 0x000001b03a457290 code [0x000001b03a457460, 0x000001b03a457848]
Event: 0.314 Thread 0x000001b054ce71d0  207       3       java.util.zip.ZipUtils::CENHOW (9 bytes)
Event: 0.314 Thread 0x000001b054ce71d0 nmethod 207 0x000001b03a457a10 code [0x000001b03a457bc0, 0x000001b03a457d78]
Event: 0.314 Thread 0x000001b054ce71d0  208       3       java.util.zip.ZipUtils::CENFLG (9 bytes)
Event: 0.314 Thread 0x000001b054ce71d0 nmethod 208 0x000001b03a457e90 code [0x000001b03a458040, 0x000001b03a4581f8]
Event: 0.314 Thread 0x000001b054ce71d0  209       3       java.util.zip.ZipUtils::CENEXT (9 bytes)
Event: 0.314 Thread 0x000001b054ce71d0 nmethod 209 0x000001b03a458310 code [0x000001b03a4584c0, 0x000001b03a458678]
Event: 0.314 Thread 0x000001b054ce71d0  210   !   3       java.util.zip.ZipFile$Source::checkAndAddEntry (249 bytes)
Event: 0.315 Thread 0x000001b054ce71d0 nmethod 210 0x000001b03a458790 code [0x000001b03a458b20, 0x000001b03a45a168]
Event: 0.315 Thread 0x000001b054ce71d0  211       3       java.util.zip.ZipUtils::CENSIG (8 bytes)
Event: 0.316 Thread 0x000001b054ce71d0 nmethod 211 0x000001b03a45af90 code [0x000001b03a45b140, 0x000001b03a45b418]
Event: 0.316 Thread 0x000001b054ce71d0  212       3       java.util.zip.ZipFile$Source::isMetaName (141 bytes)
Event: 0.317 Thread 0x000001b054ce71d0 nmethod 212 0x000001b03a45b590 code [0x000001b03a45b760, 0x000001b03a45bc78]
Event: 0.317 Thread 0x000001b054ce71d0  215       3       java.lang.Math::max (11 bytes)
Event: 0.317 Thread 0x000001b054ce71d0 nmethod 215 0x000001b03a45be10 code [0x000001b03a45bfa0, 0x000001b03a45c0d8]
Event: 0.318 Thread 0x000001b054cbdef0 nmethod 214 0x000001b041f00f90 code [0x000001b041f01120, 0x000001b041f013b8]

GC Heap History (0 events):
No events

Dll operation events (5 events):
Event: 0.007 Loaded shared library C:\Program Files\Java\jdk-19\bin\java.dll
Event: 0.063 Loaded shared library C:\Program Files\Java\jdk-19\bin\jsvml.dll
Event: 0.266 Loaded shared library C:\Program Files\Java\jdk-19\bin\net.dll
Event: 0.268 Loaded shared library C:\Program Files\Java\jdk-19\bin\nio.dll
Event: 0.309 Loaded shared library C:\Program Files\Java\jdk-19\bin\zip.dll

Deoptimization events (4 events):
Event: 0.297 Thread 0x000001b0324b9c40 Uncommon trap: trap_request=0xffffff45 fr.pc=0x000001b041ef96c4 relative=0x00000000000000a4
Event: 0.297 Thread 0x000001b0324b9c40 Uncommon trap: reason=unstable_if action=reinterpret pc=0x000001b041ef96c4 method=java.lang.String.isLatin1()Z @ 10 c2
Event: 0.297 Thread 0x000001b0324b9c40 DEOPT PACKING pc=0x000001b041ef96c4 sp=0x000000161f9feb70
Event: 0.297 Thread 0x000001b0324b9c40 DEOPT UNPACKING pc=0x000001b0419ba5a3 sp=0x000000161f9feab0 mode 2

Classes loaded (20 events):
Event: 0.319 Loading class java/security/UnresolvedPermission done
Event: 0.319 Loading class java/security/SecureClassLoader$DebugHolder
Event: 0.319 Loading class java/security/SecureClassLoader$DebugHolder done
Event: 0.319 Loading class sun/security/util/Debug
Event: 0.319 Loading class sun/security/util/Debug done
Event: 0.320 Loading class javax/swing/JFrame
Event: 0.320 Loading class javax/swing/WindowConstants
Event: 0.320 Loading class javax/swing/WindowConstants done
Event: 0.320 Loading class javax/accessibility/Accessible
Event: 0.320 Loading class javax/accessibility/Accessible done
Event: 0.320 Loading class javax/swing/RootPaneContainer
Event: 0.320 Loading class javax/swing/RootPaneContainer done
Event: 0.320 Loading class javax/swing/TransferHandler$HasGetTransferHandler
Event: 0.320 Loading class javax/swing/TransferHandler$HasGetTransferHandler done
Event: 0.320 Loading class java/awt/Frame
Event: 0.320 Loading class java/awt/MenuContainer
Event: 0.320 Loading class java/awt/MenuContainer done
Event: 0.320 Loading class java/awt/Window
Event: 0.320 Loading class java/awt/Container
Event: 0.321 Loading class java/awt/Component

Classes unloaded (0 events):
No events

Classes redefined (0 events):
No events

Internal exceptions (5 events):
Event: 0.271 Thread 0x000001b0324b9c40 Exception <a 'sun/nio/fs/WindowsException'{0x000000008d25f3f8}> (0x000000008d25f3f8) 
thrown [s\open\src\hotspot\share\prims\jni.cpp, line 517]
Event: 0.271 Thread 0x000001b0324b9c40 Exception <a 'sun/nio/fs/WindowsException'{0x000000008d25f9a8}> (0x000000008d25f9a8) 
thrown [s\open\src\hotspot\share\prims\jni.cpp, line 517]
Event: 0.272 Thread 0x000001b0324b9c40 Exception <a 'sun/nio/fs/WindowsException'{0x000000008d261f50}> (0x000000008d261f50) 
thrown [s\open\src\hotspot\share\prims\jni.cpp, line 517]
Event: 0.273 Thread 0x000001b0324b9c40 Exception <a 'sun/nio/fs/WindowsException'{0x000000008d262ae0}> (0x000000008d262ae0) 
thrown [s\open\src\hotspot\share\prims\jni.cpp, line 517]
Event: 0.273 Thread 0x000001b0324b9c40 Exception <a 'sun/nio/fs/WindowsException'{0x000000008d2636a8}> (0x000000008d2636a8) 
thrown [s\open\src\hotspot\share\prims\jni.cpp, line 517]

VM Operations (2 events):
Event: 0.276 Executing VM operation: HandshakeAllThreads
Event: 0.276 Executing VM operation: HandshakeAllThreads done

Events (13 events):
Event: 0.063 Thread 0x000001b0324b9c40 Thread added: 0x000001b0324b9c40
Event: 0.120 Thread 0x000001b054cb3550 Thread added: 0x000001b054cb3550
Event: 0.120 Thread 0x000001b054cb3e80 Thread added: 0x000001b054cb3e80
Event: 0.123 Thread 0x000001b054cb58b0 Thread added: 0x000001b054cb58b0
Event: 0.123 Thread 0x000001b054c3a740 Thread added: 0x000001b054c3a740
Event: 0.123 Thread 0x000001b054c3d080 Thread added: 0x000001b054c3d080
Event: 0.123 Thread 0x000001b054c3e9c0 Thread added: 0x000001b054c3e9c0
Event: 0.123 Thread 0x000001b054cbdef0 Thread added: 0x000001b054cbdef0
Event: 0.123 Thread 0x000001b054ce71d0 Thread added: 0x000001b054ce71d0
Event: 0.123 Thread 0x000001b05044e370 Thread added: 0x000001b05044e370
Event: 0.232 Thread 0x000001b054dde0f0 Thread added: 0x000001b054dde0f0
Event: 0.282 Thread 0x000001b054eccfa0 Thread added: 0x000001b054eccfa0
Event: 0.292 Thread 0x000001b054f247f0 Thread added: 0x000001b054f247f0


Dynamic libraries:
0x00007ff621550000 - 0x00007ff621560000 	C:\Program Files\Java\jdk-19\bin\java.exe
0x00007ffd1e110000 - 0x00007ffd1e324000 	C:\WINDOWS\SYSTEM32\ntdll.dll
0x00007ffd1d3a0000 - 0x00007ffd1d463000 	C:\WINDOWS\System32\KERNEL32.DLL
0x00007ffd1b6f0000 - 0x00007ffd1ba8c000 	C:\WINDOWS\System32\KERNELBASE.dll
0x00007ffd1be00000 - 0x00007ffd1bf11000 	C:\WINDOWS\System32\ucrtbase.dll
0x00007ffd169f0000 - 0x00007ffd16a08000 	C:\Program Files\Java\jdk-19\bin\jli.dll
0x00007ffd16780000 - 0x00007ffd1679b000 	C:\Program Files\Java\jdk-19\bin\VCRUNTIME140.dll
0x00007ffd1d7a0000 - 0x00007ffd1d84e000 	C:\WINDOWS\System32\ADVAPI32.dll
0x00007ffd1d0b0000 - 0x00007ffd1d157000 	C:\WINDOWS\System32\msvcrt.dll
0x00007ffd1d580000 - 0x00007ffd1d624000 	C:\WINDOWS\System32\sechost.dll
0x00007ffd1bf20000 - 0x00007ffd1c035000 	C:\WINDOWS\System32\RPCRT4.dll
0x00007ffd1cc60000 - 0x00007ffd1ce0d000 	C:\WINDOWS\System32\USER32.dll
0x00007ffd1b550000 - 0x00007ffd1b576000 	C:\WINDOWS\System32\win32u.dll
0x00007ffcfbed0000 - 0x00007ffcfc15e000 	C:\WINDOWS\WinSxS\amd64_microsoft.windows.common-controls_6595b64144ccf1df_6.0.22621.608_none_a9444ca7c10bb01d\COMCTL32.dll
0x00007ffd1d850000 - 0x00007ffd1d879000 	C:\WINDOWS\System32\GDI32.dll
0x00007ffd1bb30000 - 0x00007ffd1bc42000 	C:\WINDOWS\System32\gdi32full.dll
0x00007ffd1ba90000 - 0x00007ffd1bb2a000 	C:\WINDOWS\System32\msvcp_win.dll
0x00007ffd0e330000 - 0x00007ffd0e33a000 	C:\WINDOWS\SYSTEM32\VERSION.dll
0x00007ffd1cc20000 - 0x00007ffd1cc52000 	C:\WINDOWS\System32\IMM32.DLL
0x00007ffd16770000 - 0x00007ffd1677c000 	C:\Program Files\Java\jdk-19\bin\vcruntime140_1.dll
0x00007ffcd0930000 - 0x00007ffcd09be000 	C:\Program Files\Java\jdk-19\bin\msvcp140.dll
0x00007ffccbb70000 - 0x00007ffccc830000 	C:\Program Files\Java\jdk-19\bin\server\jvm.dll
0x00007ffcf7530000 - 0x00007ffcf7539000 	C:\WINDOWS\SYSTEM32\WSOCK32.dll
0x00007ffd1c0f0000 - 0x00007ffd1c161000 	C:\WINDOWS\System32\WS2_32.dll
0x00007ffd10740000 - 0x00007ffd10774000 	C:\WINDOWS\SYSTEM32\WINMM.dll
0x00007ffd1a690000 - 0x00007ffd1a6a8000 	C:\WINDOWS\SYSTEM32\kernel.appcore.dll
0x00007ffd025e0000 - 0x00007ffd025ea000 	C:\Program Files\Java\jdk-19\bin\jimage.dll
0x00007ffd18ae0000 - 0x00007ffd18d0e000 	C:\WINDOWS\SYSTEM32\DBGHELP.DLL
0x00007ffd1c410000 - 0x00007ffd1c79a000 	C:\WINDOWS\System32\combase.dll
0x00007ffd1ce10000 - 0x00007ffd1cee7000 	C:\WINDOWS\System32\OLEAUT32.dll
0x00007ffcfa6e0000 - 0x00007ffcfa712000 	C:\WINDOWS\SYSTEM32\dbgcore.DLL
0x00007ffd1bcc0000 - 0x00007ffd1bd3b000 	C:\WINDOWS\System32\bcryptPrimitives.dll
0x00007ffd02600000 - 0x00007ffd02626000 	C:\Program Files\Java\jdk-19\bin\java.dll
0x00007ffcd09c0000 - 0x00007ffcd0a97000 	C:\Program Files\Java\jdk-19\bin\jsvml.dll
0x00007ffd1d8e0000 - 0x00007ffd1e0cf000 	C:\WINDOWS\System32\SHELL32.dll
0x00007ffd19570000 - 0x00007ffd19e38000 	C:\WINDOWS\SYSTEM32\windows.storage.dll
0x00007ffd19430000 - 0x00007ffd1956e000 	C:\WINDOWS\SYSTEM32\wintypes.dll
0x00007ffd1d160000 - 0x00007ffd1d251000 	C:\WINDOWS\System32\SHCORE.dll
0x00007ffd1d880000 - 0x00007ffd1d8de000 	C:\WINDOWS\System32\shlwapi.dll
0x00007ffd1b480000 - 0x00007ffd1b4a1000 	C:\WINDOWS\SYSTEM32\profapi.dll
0x00007ffd167a0000 - 0x00007ffd167b3000 	C:\Program Files\Java\jdk-19\bin\net.dll
0x00007ffd15bb0000 - 0x00007ffd15cdf000 	C:\WINDOWS\SYSTEM32\WINHTTP.dll
0x00007ffd1ab00000 - 0x00007ffd1ab69000 	C:\WINDOWS\system32\mswsock.dll
0x00007ffcfaa20000 - 0x00007ffcfaa36000 	C:\Program Files\Java\jdk-19\bin\nio.dll
0x00007ffcefce0000 - 0x00007ffcefcf8000 	C:\Program Files\Java\jdk-19\bin\zip.dll

dbghelp: loaded successfully - version: 4.0.5 - missing functions: none
symbol engine: initialized successfully - sym options: 0x614 - pdb path: .;C:\Program Files\Java\jdk-19\bin;C:\WINDOWS\SYSTEM32;C:\WINDOWS\WinSxS\amd64_microsoft.windows.common-controls_6595b64144ccf1df_6.0.22621.608_none_a9444ca7c10bb01d;C:\Program Files\Java\jdk-19\bin\server

VM Arguments:
jvm_args: -Dfile.encoding=UTF-8 --module-path=C:\Users\zyona\OneDrive\Documents\NetBeansProjects\Hotel Management System\build\classes 
java_command: hotel.management.system.CustomerForm
java_class_path (initial): C:\Program Files\NetBeans-16\netbeans\java\modules\ext\AbsoluteLayout.jar;C:\Program Files\mysql-connector-java-8.0.28\mysql-connector-java-8.0.28.jar;C:\Users\zyona\OneDrive\Documents\NetBeansProjects\Hotel Management System\build\classes
Launcher Type: SUN_STANDARD

[Global flags]
     intx CICompilerCount                          = 4                                         {product} {ergonomic}
     uint ConcGCThreads                            = 2                                         {product} {ergonomic}
     uint G1ConcRefinementThreads                  = 8                                         {product} {ergonomic}
   size_t G1HeapRegionSize                         = 1048576                                   {product} {ergonomic}
    uintx GCDrainStackTargetSize                   = 64                                        {product} {ergonomic}
   size_t InitialHeapSize                          = 130023424                                 {product} {ergonomic}
   size_t MarkStackSize                            = 4194304                                   {product} {ergonomic}
   size_t MaxHeapSize                              = 2055208960                                {product} {ergonomic}
   size_t MaxNewSize                               = 1233125376                                {product} {ergonomic}
   size_t MinHeapDeltaBytes                        = 1048576                                   {product} {ergonomic}
   size_t MinHeapSize                              = 8388608                                   {product} {ergonomic}
    uintx NonNMethodCodeHeapSize                   = 5839372                                {pd product} {ergonomic}
    uintx NonProfiledCodeHeapSize                  = 122909434                              {pd product} {ergonomic}
    uintx ProfiledCodeHeapSize                     = 122909434                              {pd product} {ergonomic}
    uintx ReservedCodeCacheSize                    = 251658240                              {pd product} {ergonomic}
     bool SegmentedCodeCache                       = true                                      {product} {ergonomic}
   size_t SoftMaxHeapSize                          = 2055208960                             {manageable} {ergonomic}
     bool UseCompressedClassPointers               = true                           {product lp64_product} {ergonomic}
     bool UseCompressedOops                        = true                           {product lp64_product} {ergonomic}
     bool UseG1GC                                  = true                                      {product} {ergonomic}
     bool UseLargePagesIndividualAllocation        = false                                  {pd product} {ergonomic}

Logging:
Log output configuration:
 #0: stdout all=warning uptime,level,tags foldmultilines=false
 #1: stderr all=off uptime,level,tags foldmultilines=false

Environment Variables:
PATH=C:\Program Files\Common Files\Oracle\Java\javapath;C:\WINDOWS\system32;C:\WINDOWS;C:\WINDOWS\System32\Wbem;C:\WINDOWS\System32\WindowsPowerShell\v1.0\;C:\WINDOWS\System32\OpenSSH\;C:\Program Files\MySQL\MySQL Server 8.0\bin;C:\Program Files\dotnet\;C:\Program Files\MySQL\MySQL Shell 8.0\bin\;C:\Users\zyona\AppData\Local\Microsoft\WindowsApps;;C:\Program Files\JetBrains\IntelliJ IDEA Community Edition 2022.3\bin;
USERNAME=zyona
OS=Windows_NT
PROCESSOR_IDENTIFIER=Intel64 Family 6 Model 140 Stepping 1, GenuineIntel
TMP=C:\Users\zyona\AppData\Local\Temp
TEMP=C:\Users\zyona\AppData\Local\Temp



---------------  S Y S T E M  ---------------

OS:
 Windows 11 , 64 bit Build 22621 (10.0.22621.1194)
OS uptime: 0 days 6:37 hours

CPU: total 8 (initial active 8) (4 cores per cpu, 2 threads per core) family 6 model 140 stepping 1 microcode 0x9a, cx8, cmov, fxsr, ht, mmx, 3dnowpref, sse, sse2, sse3, ssse3, sse4.1, sse4.2, popcnt, lzcnt, tsc, tscinvbit, avx, avx2, aes, erms, clmul, bmi1, bmi2, adx, avx512f, avx512dq, avx512cd, avx512bw, avx512vl, sha, fma, vzeroupper, avx512_vpopcntdq, avx512_vpclmulqdq, avx512_vaes, avx512_vnni, clflush, clflushopt, clwb, avx512_vbmi2, avx512_vbmi, rdtscp, rdpid, fsrm, gfni, avx512_bitalg

Memory: 4k page, system-wide physical 7834M (516M free)
TotalPageFile size 25337M (AvailPageFile size 0M)
current process WorkingSet (physical memory assigned to process): 34M, peak: 34M
current process commit charge ("private bytes"): 203M, peak: 203M

vm_info: Java HotSpot(TM) 64-Bit Server VM (19.0.1+10-21) for windows-amd64 JRE (19.0.1+10-21), built on 2022-09-14T12:45:06Z by "mach5one" with MS VC++ 17.1 (VS2022)

END.
