#
# There is insufficient memory for the Java Runtime Environment to continue.
# Native memory allocation (mmap) failed to map 130023424 bytes for G1 virtual space
# Possible reasons:
#   The system is out of physical RAM or swap space
#   The process is running with CompressedOops enabled, and the Java Heap may be blocking the growth of the native heap
# Possible solutions:
#   Reduce memory load on the system
#   Increase physical memory or swap space
#   Check if swap backing store is full
#   Decrease Java heap size (-Xmx/-Xms)
#   Decrease number of Java threads
#   Decrease Java thread stack sizes (-Xss)
#   Set larger code cache with -XX:ReservedCodeCacheSize=
#   JVM is running with Unscaled Compressed Oops mode in which the Java heap is
#     placed in the first 4GB address space. The Java Heap base address is the
#     maximum limit for the native heap growth. Please use -XX:HeapBaseMinAddress
#     to set the Java Heap base and to place the Java Heap above 4GB virtual address.
# This output file may be truncated or incomplete.
#
#  Out of Memory Error (os_windows.cpp:3527), pid=8744, tid=15840
#
# JRE version:  (19.0.1+10) (build )
# Java VM: Java HotSpot(TM) 64-Bit Server VM (19.0.1+10-21, mixed mode, sharing, tiered, compressed oops, compressed class ptrs, g1 gc, windows-amd64)
# No core dump will be written. Minidumps are not enabled by default on client versions of Windows
#

---------------  S U M M A R Y ------------

Command Line: -Dfile.encoding=UTF-8 --module-path=C:\Users\zyona\OneDrive\Documents\NetBeansProjects\Hotel Management System\build\classes hotel.management.system.CheckOut

Host: 11th Gen Intel(R) Core(TM) i5-1135G7 @ 2.40GHz, 8 cores, 7G,  Windows 11 , 64 bit Build 22621 (10.0.22621.1194)
Time: Tue Feb 21 02:45:27 2023 E. Africa Standard Time elapsed time: 0.016242 seconds (0d 0h 0m 0s)

---------------  T H R E A D  ---------------

Current thread (0x00000236c8ee8920):  JavaThread "Unknown thread" [_thread_in_vm, id=15840, stack(0x0000009822400000,0x0000009822500000)]

Stack: [0x0000009822400000,0x0000009822500000]
Native frames: (J=compiled Java code, j=interpreted, Vv=VM code, C=native code)
V  [jvm.dll+0x6ee8fa]
V  [jvm.dll+0x857a1e]
V  [jvm.dll+0x85940e]
V  [jvm.dll+0x859ac3]
V  [jvm.dll+0x28291f]
V  [jvm.dll+0x6eb6e9]
V  [jvm.dll+0x6e028a]
V  [jvm.dll+0x357136]
V  [jvm.dll+0x35eb96]
V  [jvm.dll+0x3b555e]
V  [jvm.dll+0x3b578f]
V  [jvm.dll+0x32c6ea]
V  [jvm.dll+0x32d59e]
V  [jvm.dll+0x821b20]
V  [jvm.dll+0x3c27c1]
V  [jvm.dll+0x8022f1]
V  [jvm.dll+0x44b30f]
V  [jvm.dll+0x44cc91]
C  [jli.dll+0x5287]
C  [ucrtbase.dll+0x29363]
C  [KERNEL32.DLL+0x126bd]
C  [ntdll.dll+0x5dfb8]


---------------  P R O C E S S  ---------------

Threads class SMR info:
_java_thread_list=0x00007ff9c09ad048, length=0, elements={
}

Java Threads: ( => current thread )

Other Threads:
  0x00000236c8f46ef0 WorkerThread "GC Thread#0" [stack: 0x0000009822500000,0x0000009822600000] [id=21720]
  0x00000236c8f57250 ConcurrentGCThread "G1 Main Marker" [stack: 0x0000009822600000,0x0000009822700000] [id=24952]
  0x00000236c8f58b90 WorkerThread "G1 Conc#0" [stack: 0x0000009822700000,0x0000009822800000] [id=13732]

[error occurred during error reporting (printing all threads), id 0xc0000005, EXCEPTION_ACCESS_VIOLATION (0xc0000005) at pc=0x00007ff9c016d127]

VM state: not at safepoint (not fully initialized)

VM Mutex/Monitor currently owned by a thread:  ([mutex/lock_event])
[0x00000236c8ee4770] Heap_lock - owner thread: 0x00000236c8ee8920

Heap address: 0x0000000085800000, size: 1960 MB, Compressed Oops mode: 32-bit

CDS archive(s) mapped at: [0x0000000000000000-0x0000000000000000-0x0000000000000000), size 0, SharedBaseAddress: 0x0000000800000000, ArchiveRelocationMode: 0.
Narrow klass base: 0x0000000000000000, Narrow klass shift: 0, Narrow klass range: 0x0

GC Precious Log:
 CardTable entry size: 512
 Card Set container configuration: InlinePtr #cards 5 size 8 Array Of Cards #cards 12 size 40 Howl #buckets 4 coarsen threshold 1843 Howl Bitmap #cards 512 size 80 coarsen threshold 460 Card regions per heap region 1 cards per card region 2048

Heap:
 garbage-first heap   total 0K, used 0K [0x0000000085800000, 0x0000000100000000)
  region size 1024K, 0 young (0K), 0 survivors (0K)

[error occurred during error reporting (printing heap information), id 0xc0000005, EXCEPTION_ACCESS_VIOLATION (0xc0000005) at pc=0x00007ff9c0576959]

GC Heap History (0 events):
No events

Dll operation events (1 events):
Event: 0.007 Loaded shared library C:\Program Files\Java\jdk-19\bin\java.dll

Deoptimization events (0 events):
No events

Classes loaded (0 events):
No events

Classes unloaded (0 events):
No events

Classes redefined (0 events):
No events

Internal exceptions (0 events):
No events

VM Operations (0 events):
No events

Events (0 events):
No events


Dynamic libraries:
0x00007ff61d8f0000 - 0x00007ff61d900000 	C:\Program Files\Java\jdk-19\bin\java.exe
0x00007ffa0e8f0000 - 0x00007ffa0eb04000 	C:\WINDOWS\SYSTEM32\ntdll.dll
0x00007ffa0dd10000 - 0x00007ffa0ddd3000 	C:\WINDOWS\System32\KERNEL32.DLL
0x00007ffa0bd30000 - 0x00007ffa0c0cc000 	C:\WINDOWS\System32\KERNELBASE.dll
0x00007ffa0c300000 - 0x00007ffa0c411000 	C:\WINDOWS\System32\ucrtbase.dll
0x00007ff9ed520000 - 0x00007ff9ed538000 	C:\Program Files\Java\jdk-19\bin\jli.dll
0x00007ffa08960000 - 0x00007ffa0897b000 	C:\Program Files\Java\jdk-19\bin\VCRUNTIME140.dll
0x00007ffa0d6a0000 - 0x00007ffa0d74e000 	C:\WINDOWS\System32\ADVAPI32.dll
0x00007ffa0d760000 - 0x00007ffa0d807000 	C:\WINDOWS\System32\msvcrt.dll
0x00007ffa0d4b0000 - 0x00007ffa0d554000 	C:\WINDOWS\System32\sechost.dll
0x00007ffa0d280000 - 0x00007ffa0d395000 	C:\WINDOWS\System32\RPCRT4.dll
0x00007ffa0e050000 - 0x00007ffa0e1fd000 	C:\WINDOWS\System32\USER32.dll
0x00007ffa0c420000 - 0x00007ffa0c446000 	C:\WINDOWS\System32\win32u.dll
0x00007ff9ee350000 - 0x00007ff9ee5de000 	C:\WINDOWS\WinSxS\amd64_microsoft.windows.common-controls_6595b64144ccf1df_6.0.22621.608_none_a9444ca7c10bb01d\COMCTL32.dll
0x00007ffa0d250000 - 0x00007ffa0d279000 	C:\WINDOWS\System32\GDI32.dll
0x00007ffa0c450000 - 0x00007ffa0c562000 	C:\WINDOWS\System32\gdi32full.dll
0x00007ffa0c570000 - 0x00007ffa0c60a000 	C:\WINDOWS\System32\msvcp_win.dll
0x00007ffa00a90000 - 0x00007ffa00a9a000 	C:\WINDOWS\SYSTEM32\VERSION.dll
0x00007ffa0dfa0000 - 0x00007ffa0dfd2000 	C:\WINDOWS\System32\IMM32.DLL
0x00007ffa089e0000 - 0x00007ffa089ec000 	C:\Program Files\Java\jdk-19\bin\vcruntime140_1.dll
0x00007ff9ee990000 - 0x00007ff9eea1e000 	C:\Program Files\Java\jdk-19\bin\msvcp140.dll
0x00007ff9bfe30000 - 0x00007ff9c0af0000 	C:\Program Files\Java\jdk-19\bin\server\jvm.dll
0x00007ff9e81f0000 - 0x00007ff9e81f9000 	C:\WINDOWS\SYSTEM32\WSOCK32.dll
0x00007ffa0d170000 - 0x00007ffa0d1e1000 	C:\WINDOWS\System32\WS2_32.dll
0x00007ffa00d70000 - 0x00007ffa00da4000 	C:\WINDOWS\SYSTEM32\WINMM.dll
0x00007ffa0ae70000 - 0x00007ffa0ae88000 	C:\WINDOWS\SYSTEM32\kernel.appcore.dll
0x00007ffa08950000 - 0x00007ffa0895a000 	C:\Program Files\Java\jdk-19\bin\jimage.dll
0x00007ffa09740000 - 0x00007ffa0996e000 	C:\WINDOWS\SYSTEM32\DBGHELP.DLL
0x00007ffa0d870000 - 0x00007ffa0dbfa000 	C:\WINDOWS\System32\combase.dll
0x00007ffa0dc00000 - 0x00007ffa0dcd7000 	C:\WINDOWS\System32\OLEAUT32.dll
0x00007ff9ea450000 - 0x00007ff9ea482000 	C:\WINDOWS\SYSTEM32\dbgcore.DLL
0x00007ffa0c680000 - 0x00007ffa0c6fb000 	C:\WINDOWS\System32\bcryptPrimitives.dll
0x00007ff9f4910000 - 0x00007ff9f4936000 	C:\Program Files\Java\jdk-19\bin\java.dll

dbghelp: loaded successfully - version: 4.0.5 - missing functions: none
symbol engine: initialized successfully - sym options: 0x614 - pdb path: .;C:\Program Files\Java\jdk-19\bin;C:\WINDOWS\SYSTEM32;C:\WINDOWS\WinSxS\amd64_microsoft.windows.common-controls_6595b64144ccf1df_6.0.22621.608_none_a9444ca7c10bb01d;C:\Program Files\Java\jdk-19\bin\server

VM Arguments:
jvm_args: -Dfile.encoding=UTF-8 --module-path=C:\Users\zyona\OneDrive\Documents\NetBeansProjects\Hotel Management System\build\classes 
java_command: hotel.management.system.CheckOut
java_class_path (initial): C:\Program Files\NetBeans-16\netbeans\java\modules\ext\AbsoluteLayout.jar;C:\Program Files\mysql-connector-java-8.0.28\mysql-connector-java-8.0.28.jar;C:\Program Files\xml jar\rs2xml.jar;C:\Users\zyona\OneDrive\Documents\NetBeansProjects\Hotel Management System\build\classes
Launcher Type: SUN_STANDARD

[Global flags]
     intx CICompilerCount                          = 4                                         {product} {ergonomic}
     uint ConcGCThreads                            = 2                                         {product} {ergonomic}
     uint G1ConcRefinementThreads                  = 8                                         {product} {ergonomic}
   size_t G1HeapRegionSize                         = 1048576                                   {product} {ergonomic}
    uintx GCDrainStackTargetSize                   = 64                                        {product} {ergonomic}
   size_t InitialHeapSize                          = 130023424                                 {product} {ergonomic}
   size_t MarkStackSize                            = 4194304                                   {product} {ergonomic}
   size_t MaxHeapSize                              = 2055208960                                {product} {ergonomic}
   size_t MinHeapDeltaBytes                        = 1048576                                   {product} {ergonomic}
   size_t MinHeapSize                              = 8388608                                   {product} {ergonomic}
    uintx NonNMethodCodeHeapSize                   = 5839372                                {pd product} {ergonomic}
    uintx NonProfiledCodeHeapSize                  = 122909434                              {pd product} {ergonomic}
    uintx ProfiledCodeHeapSize                     = 122909434                              {pd product} {ergonomic}
    uintx ReservedCodeCacheSize                    = 251658240                              {pd product} {ergonomic}
     bool SegmentedCodeCache                       = true                                      {product} {ergonomic}
   size_t SoftMaxHeapSize                          = 2055208960                             {manageable} {ergonomic}
     bool UseCompressedClassPointers               = true                           {product lp64_product} {ergonomic}
     bool UseCompressedOops                        = true                           {product lp64_product} {ergonomic}
     bool UseG1GC                                  = true                                      {product} {ergonomic}
     bool UseLargePagesIndividualAllocation        = false                                  {pd product} {ergonomic}

Logging:
Log output configuration:
 #0: stdout all=warning uptime,level,tags foldmultilines=false
 #1: stderr all=off uptime,level,tags foldmultilines=false

Environment Variables:
PATH=C:\Program Files\Common Files\Oracle\Java\javapath;C:\WINDOWS\system32;C:\WINDOWS;C:\WINDOWS\System32\Wbem;C:\WINDOWS\System32\WindowsPowerShell\v1.0\;C:\WINDOWS\System32\OpenSSH\;C:\Program Files\MySQL\MySQL Server 8.0\bin;C:\Program Files\dotnet\;C:\Program Files\MySQL\MySQL Shell 8.0\bin\;C:\Users\zyona\AppData\Local\Microsoft\WindowsApps;;C:\Program Files\JetBrains\IntelliJ IDEA Community Edition 2022.3\bin;
USERNAME=zyona
OS=Windows_NT
PROCESSOR_IDENTIFIER=Intel64 Family 6 Model 140 Stepping 1, GenuineIntel
TMP=C:\Users\zyona\AppData\Local\Temp
TEMP=C:\Users\zyona\AppData\Local\Temp



---------------  S Y S T E M  ---------------

OS:
 Windows 11 , 64 bit Build 22621 (10.0.22621.1194)
OS uptime: 0 days 8:40 hours

CPU: total 8 (initial active 8) (4 cores per cpu, 2 threads per core) family 6 model 140 stepping 1 microcode 0x9a, cx8, cmov, fxsr, ht, mmx, 3dnowpref, sse, sse2, sse3, ssse3, sse4.1, sse4.2, popcnt, lzcnt, tsc, tscinvbit, avx, avx2, aes, erms, clmul, bmi1, bmi2, adx, avx512f, avx512dq, avx512cd, avx512bw, avx512vl, sha, fma, vzeroupper, avx512_vpopcntdq, avx512_vpclmulqdq, avx512_vaes, avx512_vnni, clflush, clflushopt, clwb, avx512_vbmi2, avx512_vbmi, rdtscp, rdpid, fsrm, gfni, avx512_bitalg

Memory: 4k page, system-wide physical 7834M (480M free)
TotalPageFile size 25284M (AvailPageFile size 85M)
current process WorkingSet (physical memory assigned to process): 11M, peak: 11M
current process commit charge ("private bytes"): 60M, peak: 184M

vm_info: Java HotSpot(TM) 64-Bit Server VM (19.0.1+10-21) for windows-amd64 JRE (19.0.1+10-21), built on 2022-09-14T12:45:06Z by "mach5one" with MS VC++ 17.1 (VS2022)

END.
