#
# There is insufficient memory for the Java Runtime Environment to continue.
# Native memory allocation (mmap) failed to map 65536 bytes for Failed to commit metaspace.
# Possible reasons:
#   The system is out of physical RAM or swap space
#   The process is running with CompressedOops enabled, and the Java Heap may be blocking the growth of the native heap
# Possible solutions:
#   Reduce memory load on the system
#   Increase physical memory or swap space
#   Check if swap backing store is full
#   Decrease Java heap size (-Xmx/-Xms)
#   Decrease number of Java threads
#   Decrease Java thread stack sizes (-Xss)
#   Set larger code cache with -XX:ReservedCodeCacheSize=
#   JVM is running with Unscaled Compressed Oops mode in which the Java heap is
#     placed in the first 4GB address space. The Java Heap base address is the
#     maximum limit for the native heap growth. Please use -XX:HeapBaseMinAddress
#     to set the Java Heap base and to place the Java Heap above 4GB virtual address.
# This output file may be truncated or incomplete.
#
#  Out of Memory Error (virtualSpaceNode.cpp:110), pid=27616, tid=24992
#
# JRE version: Java(TM) SE Runtime Environment (19.0.1+10) (build 19.0.1+10-21)
# Java VM: Java HotSpot(TM) 64-Bit Server VM (19.0.1+10-21, mixed mode, sharing, tiered, compressed oops, compressed class ptrs, g1 gc, windows-amd64)
# No core dump will be written. Minidumps are not enabled by default on client versions of Windows
#

---------------  S U M M A R Y ------------

Command Line: -Dfile.encoding=UTF-8 --module-path=C:\Users\zyona\OneDrive\Documents\NetBeansProjects\Hotel Management System\build\classes hotel.management.system.DashBoard

Host: 11th Gen Intel(R) Core(TM) i5-1135G7 @ 2.40GHz, 8 cores, 7G,  Windows 11 , 64 bit Build 22621 (10.0.22621.1194)
Time: Mon Feb 20 00:36:05 2023 E. Africa Standard Time elapsed time: 0.096511 seconds (0d 0h 0m 0s)

---------------  T H R E A D  ---------------

Current thread (0x000001b218434f40):  JavaThread "main" [_thread_in_vm, id=24992, stack(0x00000044b6300000,0x00000044b6400000)]

Stack: [0x00000044b6300000,0x00000044b6400000]
Native frames: (J=compiled Java code, j=interpreted, Vv=VM code, C=native code)
V  [jvm.dll+0x6ee8fa]
V  [jvm.dll+0x857a1e]
V  [jvm.dll+0x85940e]
V  [jvm.dll+0x859ac3]
V  [jvm.dll+0x28291f]
V  [jvm.dll+0x85369b]
V  [jvm.dll+0x693276]
V  [jvm.dll+0x6932da]
V  [jvm.dll+0x695bd3]
V  [jvm.dll+0x695a9e]
V  [jvm.dll+0x693c9e]
V  [jvm.dll+0x26f4e1]
V  [jvm.dll+0x21e927]
V  [jvm.dll+0x214571]
V  [jvm.dll+0x5aa2d6]
V  [jvm.dll+0x22567a]
V  [jvm.dll+0x7ccb72]
V  [jvm.dll+0x7cdfba]
V  [jvm.dll+0x7ce2e8]
V  [jvm.dll+0x271d6b]
V  [jvm.dll+0x271f8f]
V  [jvm.dll+0x5cba38]
V  [jvm.dll+0x5ce997]
V  [jvm.dll+0x3ddf27]
V  [jvm.dll+0x3dd57f]
C  0x000001b2290eca97

Java frames: (J=compiled Java code, j=interpreted, Vv=VM code)
j  java.awt.Component.<clinit>()V+19 java.desktop@19.0.1
v  ~StubRoutines::call_stub 0x000001b2290c10e8

---------------  P R O C E S S  ---------------

Threads class SMR info:
_java_thread_list=0x000001b23cd367c0, length=13, elements={
0x000001b218434f40, 0x000001b2385a0720, 0x000001b2385a1140, 0x000001b2385a3ed0,
0x000001b2385a48f0, 0x000001b2385a7320, 0x000001b2385a82e0, 0x000001b2385ae570,
0x000001b23cc0e9b0, 0x000001b2385a7d90, 0x000001b2385a8d80, 0x000001b2385a9820,
0x000001b23cec33c0
}

Java Threads: ( => current thread )
=>0x000001b218434f40 JavaThread "main" [_thread_in_vm, id=24992, stack(0x00000044b6300000,0x00000044b6400000)]
  0x000001b2385a0720 JavaThread "Reference Handler" daemon [_thread_blocked, id=29936, stack(0x00000044b6a00000,0x00000044b6b00000)]
  0x000001b2385a1140 JavaThread "Finalizer" daemon [_thread_blocked, id=20728, stack(0x00000044b6b00000,0x00000044b6c00000)]
  0x000001b2385a3ed0 JavaThread "Signal Dispatcher" daemon [_thread_blocked, id=3164, stack(0x00000044b6c00000,0x00000044b6d00000)]
  0x000001b2385a48f0 JavaThread "Attach Listener" daemon [_thread_blocked, id=26172, stack(0x00000044b6d00000,0x00000044b6e00000)]
  0x000001b2385a7320 JavaThread "Service Thread" daemon [_thread_blocked, id=30708, stack(0x00000044b6e00000,0x00000044b6f00000)]
  0x000001b2385a82e0 JavaThread "Monitor Deflation Thread" daemon [_thread_blocked, id=28040, stack(0x00000044b6f00000,0x00000044b7000000)]
  0x000001b2385ae570 JavaThread "C2 CompilerThread0" daemon [_thread_blocked, id=18572, stack(0x00000044b7000000,0x00000044b7100000)]
  0x000001b23cc0e9b0 JavaThread "C1 CompilerThread0" daemon [_thread_blocked, id=28356, stack(0x00000044b7100000,0x00000044b7200000)]
  0x000001b2385a7d90 JavaThread "Sweeper thread" daemon [_thread_blocked, id=23920, stack(0x00000044b7200000,0x00000044b7300000)]
  0x000001b2385a8d80 JavaThread "Common-Cleaner" daemon [_thread_blocked, id=27668, stack(0x00000044b7300000,0x00000044b7400000)]
  0x000001b2385a9820 JavaThread "Notification Thread" daemon [_thread_blocked, id=23904, stack(0x00000044b7400000,0x00000044b7500000)]
  0x000001b23cec33c0 JavaThread "C2 CompilerThread1" daemon [_thread_blocked, id=28780, stack(0x00000044b7600000,0x00000044b7700000)]

Other Threads:
  0x000001b238584630 VMThread "VM Thread" [stack: 0x00000044b6900000,0x00000044b6a00000] [id=27296]
  0x000001b23cd4e470 WatcherThread "VM Periodic Task Thread" [stack: 0x00000044b7500000,0x00000044b7600000] [id=18836]
  0x000001b2184940e0 WorkerThread "GC Thread#0" [stack: 0x00000044b6400000,0x00000044b6500000] [id=24116]
  0x000001b2184c0b00 ConcurrentGCThread "G1 Main Marker" [stack: 0x00000044b6500000,0x00000044b6600000] [id=26732]
  0x000001b2184c5400 WorkerThread "G1 Conc#0" [stack: 0x00000044b6600000,0x00000044b6700000] [id=29760]
  0x000001b2184fe910 ConcurrentGCThread "G1 Refine#0" [stack: 0x00000044b6700000,0x00000044b6800000] [id=28192]
  0x000001b23843e450 ConcurrentGCThread "G1 Service" [stack: 0x00000044b6800000,0x00000044b6900000] [id=27320]

Threads with active compile tasks:

VM state: not at safepoint (normal execution)

VM Mutex/Monitor currently owned by a thread:  ([mutex/lock_event])
[0x000001b2184303b0] Metaspace_lock - owner thread: 0x000001b218434f40

Heap address: 0x0000000085800000, size: 1960 MB, Compressed Oops mode: 32-bit

CDS archive(s) mapped at: [0x0000000800000000-0x0000000800c40000-0x0000000800c40000), size 12845056, SharedBaseAddress: 0x0000000800000000, ArchiveRelocationMode: 0.
Compressed class space mapped at: 0x0000000801000000-0x0000000841000000, reserved size: 1073741824
Narrow klass base: 0x0000000800000000, Narrow klass shift: 0, Narrow klass range: 0x100000000

GC Precious Log:
 CardTable entry size: 512
 Card Set container configuration: InlinePtr #cards 5 size 8 Array Of Cards #cards 12 size 40 Howl #buckets 4 coarsen threshold 1843 Howl Bitmap #cards 512 size 80 coarsen threshold 460 Card regions per heap region 1 cards per card region 2048
 CPUs: 8 total, 8 available
 Memory: 7834M
 Large Page Support: Disabled
 NUMA Support: Disabled
 Compressed Oops: Enabled (32-bit)
 Heap Region Size: 1M
 Heap Min Capacity: 8M
 Heap Initial Capacity: 124M
 Heap Max Capacity: 1960M
 Pre-touch: Disabled
 Parallel Workers: 8
 Concurrent Workers: 2
 Concurrent Refinement Workers: 8
 Periodic GC: Disabled

Heap:
 garbage-first heap   total 126976K, used 2048K [0x0000000085800000, 0x0000000100000000)
  region size 1024K, 3 young (3072K), 0 survivors (0K)
 Metaspace       used 835K, committed 960K, reserved 1114112K
  class space    used 63K, committed 128K, reserved 1048576K

Heap Regions: E=young(eden), S=young(survivor), O=old, HS=humongous(starts), HC=humongous(continues), CS=collection set, F=free, OA=open archive, CA=closed archive, TAMS=top-at-mark-start (previous, next)
|   0|0x0000000085800000, 0x0000000085800000, 0x0000000085900000|  0%| F|  |TAMS 0x0000000085800000, 0x0000000085800000| Untracked 
|   1|0x0000000085900000, 0x0000000085900000, 0x0000000085a00000|  0%| F|  |TAMS 0x0000000085900000, 0x0000000085900000| Untracked 
|   2|0x0000000085a00000, 0x0000000085a00000, 0x0000000085b00000|  0%| F|  |TAMS 0x0000000085a00000, 0x0000000085a00000| Untracked 
|   3|0x0000000085b00000, 0x0000000085b00000, 0x0000000085c00000|  0%| F|  |TAMS 0x0000000085b00000, 0x0000000085b00000| Untracked 
|   4|0x0000000085c00000, 0x0000000085c00000, 0x0000000085d00000|  0%| F|  |TAMS 0x0000000085c00000, 0x0000000085c00000| Untracked 
|   5|0x0000000085d00000, 0x0000000085d00000, 0x0000000085e00000|  0%| F|  |TAMS 0x0000000085d00000, 0x0000000085d00000| Untracked 
|   6|0x0000000085e00000, 0x0000000085e00000, 0x0000000085f00000|  0%| F|  |TAMS 0x0000000085e00000, 0x0000000085e00000| Untracked 
|   7|0x0000000085f00000, 0x0000000085f00000, 0x0000000086000000|  0%| F|  |TAMS 0x0000000085f00000, 0x0000000085f00000| Untracked 
|   8|0x0000000086000000, 0x0000000086000000, 0x0000000086100000|  0%| F|  |TAMS 0x0000000086000000, 0x0000000086000000| Untracked 
|   9|0x0000000086100000, 0x0000000086100000, 0x0000000086200000|  0%| F|  |TAMS 0x0000000086100000, 0x0000000086100000| Untracked 
|  10|0x0000000086200000, 0x0000000086200000, 0x0000000086300000|  0%| F|  |TAMS 0x0000000086200000, 0x0000000086200000| Untracked 
|  11|0x0000000086300000, 0x0000000086300000, 0x0000000086400000|  0%| F|  |TAMS 0x0000000086300000, 0x0000000086300000| Untracked 
|  12|0x0000000086400000, 0x0000000086400000, 0x0000000086500000|  0%| F|  |TAMS 0x0000000086400000, 0x0000000086400000| Untracked 
|  13|0x0000000086500000, 0x0000000086500000, 0x0000000086600000|  0%| F|  |TAMS 0x0000000086500000, 0x0000000086500000| Untracked 
|  14|0x0000000086600000, 0x0000000086600000, 0x0000000086700000|  0%| F|  |TAMS 0x0000000086600000, 0x0000000086600000| Untracked 
|  15|0x0000000086700000, 0x0000000086700000, 0x0000000086800000|  0%| F|  |TAMS 0x0000000086700000, 0x0000000086700000| Untracked 
|  16|0x0000000086800000, 0x0000000086800000, 0x0000000086900000|  0%| F|  |TAMS 0x0000000086800000, 0x0000000086800000| Untracked 
|  17|0x0000000086900000, 0x0000000086900000, 0x0000000086a00000|  0%| F|  |TAMS 0x0000000086900000, 0x0000000086900000| Untracked 
|  18|0x0000000086a00000, 0x0000000086a00000, 0x0000000086b00000|  0%| F|  |TAMS 0x0000000086a00000, 0x0000000086a00000| Untracked 
|  19|0x0000000086b00000, 0x0000000086b00000, 0x0000000086c00000|  0%| F|  |TAMS 0x0000000086b00000, 0x0000000086b00000| Untracked 
|  20|0x0000000086c00000, 0x0000000086c00000, 0x0000000086d00000|  0%| F|  |TAMS 0x0000000086c00000, 0x0000000086c00000| Untracked 
|  21|0x0000000086d00000, 0x0000000086d00000, 0x0000000086e00000|  0%| F|  |TAMS 0x0000000086d00000, 0x0000000086d00000| Untracked 
|  22|0x0000000086e00000, 0x0000000086e00000, 0x0000000086f00000|  0%| F|  |TAMS 0x0000000086e00000, 0x0000000086e00000| Untracked 
|  23|0x0000000086f00000, 0x0000000086f00000, 0x0000000087000000|  0%| F|  |TAMS 0x0000000086f00000, 0x0000000086f00000| Untracked 
|  24|0x0000000087000000, 0x0000000087000000, 0x0000000087100000|  0%| F|  |TAMS 0x0000000087000000, 0x0000000087000000| Untracked 
|  25|0x0000000087100000, 0x0000000087100000, 0x0000000087200000|  0%| F|  |TAMS 0x0000000087100000, 0x0000000087100000| Untracked 
|  26|0x0000000087200000, 0x0000000087200000, 0x0000000087300000|  0%| F|  |TAMS 0x0000000087200000, 0x0000000087200000| Untracked 
|  27|0x0000000087300000, 0x0000000087300000, 0x0000000087400000|  0%| F|  |TAMS 0x0000000087300000, 0x0000000087300000| Untracked 
|  28|0x0000000087400000, 0x0000000087400000, 0x0000000087500000|  0%| F|  |TAMS 0x0000000087400000, 0x0000000087400000| Untracked 
|  29|0x0000000087500000, 0x0000000087500000, 0x0000000087600000|  0%| F|  |TAMS 0x0000000087500000, 0x0000000087500000| Untracked 
|  30|0x0000000087600000, 0x0000000087600000, 0x0000000087700000|  0%| F|  |TAMS 0x0000000087600000, 0x0000000087600000| Untracked 
|  31|0x0000000087700000, 0x0000000087700000, 0x0000000087800000|  0%| F|  |TAMS 0x0000000087700000, 0x0000000087700000| Untracked 
|  32|0x0000000087800000, 0x0000000087800000, 0x0000000087900000|  0%| F|  |TAMS 0x0000000087800000, 0x0000000087800000| Untracked 
|  33|0x0000000087900000, 0x0000000087900000, 0x0000000087a00000|  0%| F|  |TAMS 0x0000000087900000, 0x0000000087900000| Untracked 
|  34|0x0000000087a00000, 0x0000000087a00000, 0x0000000087b00000|  0%| F|  |TAMS 0x0000000087a00000, 0x0000000087a00000| Untracked 
|  35|0x0000000087b00000, 0x0000000087b00000, 0x0000000087c00000|  0%| F|  |TAMS 0x0000000087b00000, 0x0000000087b00000| Untracked 
|  36|0x0000000087c00000, 0x0000000087c00000, 0x0000000087d00000|  0%| F|  |TAMS 0x0000000087c00000, 0x0000000087c00000| Untracked 
|  37|0x0000000087d00000, 0x0000000087d00000, 0x0000000087e00000|  0%| F|  |TAMS 0x0000000087d00000, 0x0000000087d00000| Untracked 
|  38|0x0000000087e00000, 0x0000000087e00000, 0x0000000087f00000|  0%| F|  |TAMS 0x0000000087e00000, 0x0000000087e00000| Untracked 
|  39|0x0000000087f00000, 0x0000000087f00000, 0x0000000088000000|  0%| F|  |TAMS 0x0000000087f00000, 0x0000000087f00000| Untracked 
|  40|0x0000000088000000, 0x0000000088000000, 0x0000000088100000|  0%| F|  |TAMS 0x0000000088000000, 0x0000000088000000| Untracked 
|  41|0x0000000088100000, 0x0000000088100000, 0x0000000088200000|  0%| F|  |TAMS 0x0000000088100000, 0x0000000088100000| Untracked 
|  42|0x0000000088200000, 0x0000000088200000, 0x0000000088300000|  0%| F|  |TAMS 0x0000000088200000, 0x0000000088200000| Untracked 
|  43|0x0000000088300000, 0x0000000088300000, 0x0000000088400000|  0%| F|  |TAMS 0x0000000088300000, 0x0000000088300000| Untracked 
|  44|0x0000000088400000, 0x0000000088400000, 0x0000000088500000|  0%| F|  |TAMS 0x0000000088400000, 0x0000000088400000| Untracked 
|  45|0x0000000088500000, 0x0000000088500000, 0x0000000088600000|  0%| F|  |TAMS 0x0000000088500000, 0x0000000088500000| Untracked 
|  46|0x0000000088600000, 0x0000000088600000, 0x0000000088700000|  0%| F|  |TAMS 0x0000000088600000, 0x0000000088600000| Untracked 
|  47|0x0000000088700000, 0x0000000088700000, 0x0000000088800000|  0%| F|  |TAMS 0x0000000088700000, 0x0000000088700000| Untracked 
|  48|0x0000000088800000, 0x0000000088800000, 0x0000000088900000|  0%| F|  |TAMS 0x0000000088800000, 0x0000000088800000| Untracked 
|  49|0x0000000088900000, 0x0000000088900000, 0x0000000088a00000|  0%| F|  |TAMS 0x0000000088900000, 0x0000000088900000| Untracked 
|  50|0x0000000088a00000, 0x0000000088a00000, 0x0000000088b00000|  0%| F|  |TAMS 0x0000000088a00000, 0x0000000088a00000| Untracked 
|  51|0x0000000088b00000, 0x0000000088b00000, 0x0000000088c00000|  0%| F|  |TAMS 0x0000000088b00000, 0x0000000088b00000| Untracked 
|  52|0x0000000088c00000, 0x0000000088c00000, 0x0000000088d00000|  0%| F|  |TAMS 0x0000000088c00000, 0x0000000088c00000| Untracked 
|  53|0x0000000088d00000, 0x0000000088d00000, 0x0000000088e00000|  0%| F|  |TAMS 0x0000000088d00000, 0x0000000088d00000| Untracked 
|  54|0x0000000088e00000, 0x0000000088e00000, 0x0000000088f00000|  0%| F|  |TAMS 0x0000000088e00000, 0x0000000088e00000| Untracked 
|  55|0x0000000088f00000, 0x0000000088f00000, 0x0000000089000000|  0%| F|  |TAMS 0x0000000088f00000, 0x0000000088f00000| Untracked 
|  56|0x0000000089000000, 0x0000000089000000, 0x0000000089100000|  0%| F|  |TAMS 0x0000000089000000, 0x0000000089000000| Untracked 
|  57|0x0000000089100000, 0x0000000089100000, 0x0000000089200000|  0%| F|  |TAMS 0x0000000089100000, 0x0000000089100000| Untracked 
|  58|0x0000000089200000, 0x0000000089200000, 0x0000000089300000|  0%| F|  |TAMS 0x0000000089200000, 0x0000000089200000| Untracked 
|  59|0x0000000089300000, 0x0000000089300000, 0x0000000089400000|  0%| F|  |TAMS 0x0000000089300000, 0x0000000089300000| Untracked 
|  60|0x0000000089400000, 0x0000000089400000, 0x0000000089500000|  0%| F|  |TAMS 0x0000000089400000, 0x0000000089400000| Untracked 
|  61|0x0000000089500000, 0x0000000089500000, 0x0000000089600000|  0%| F|  |TAMS 0x0000000089500000, 0x0000000089500000| Untracked 
|  62|0x0000000089600000, 0x0000000089600000, 0x0000000089700000|  0%| F|  |TAMS 0x0000000089600000, 0x0000000089600000| Untracked 
|  63|0x0000000089700000, 0x0000000089700000, 0x0000000089800000|  0%| F|  |TAMS 0x0000000089700000, 0x0000000089700000| Untracked 
|  64|0x0000000089800000, 0x0000000089800000, 0x0000000089900000|  0%| F|  |TAMS 0x0000000089800000, 0x0000000089800000| Untracked 
|  65|0x0000000089900000, 0x0000000089900000, 0x0000000089a00000|  0%| F|  |TAMS 0x0000000089900000, 0x0000000089900000| Untracked 
|  66|0x0000000089a00000, 0x0000000089a00000, 0x0000000089b00000|  0%| F|  |TAMS 0x0000000089a00000, 0x0000000089a00000| Untracked 
|  67|0x0000000089b00000, 0x0000000089b00000, 0x0000000089c00000|  0%| F|  |TAMS 0x0000000089b00000, 0x0000000089b00000| Untracked 
|  68|0x0000000089c00000, 0x0000000089c00000, 0x0000000089d00000|  0%| F|  |TAMS 0x0000000089c00000, 0x0000000089c00000| Untracked 
|  69|0x0000000089d00000, 0x0000000089d00000, 0x0000000089e00000|  0%| F|  |TAMS 0x0000000089d00000, 0x0000000089d00000| Untracked 
|  70|0x0000000089e00000, 0x0000000089e00000, 0x0000000089f00000|  0%| F|  |TAMS 0x0000000089e00000, 0x0000000089e00000| Untracked 
|  71|0x0000000089f00000, 0x0000000089f00000, 0x000000008a000000|  0%| F|  |TAMS 0x0000000089f00000, 0x0000000089f00000| Untracked 
|  72|0x000000008a000000, 0x000000008a000000, 0x000000008a100000|  0%| F|  |TAMS 0x000000008a000000, 0x000000008a000000| Untracked 
|  73|0x000000008a100000, 0x000000008a100000, 0x000000008a200000|  0%| F|  |TAMS 0x000000008a100000, 0x000000008a100000| Untracked 
|  74|0x000000008a200000, 0x000000008a200000, 0x000000008a300000|  0%| F|  |TAMS 0x000000008a200000, 0x000000008a200000| Untracked 
|  75|0x000000008a300000, 0x000000008a300000, 0x000000008a400000|  0%| F|  |TAMS 0x000000008a300000, 0x000000008a300000| Untracked 
|  76|0x000000008a400000, 0x000000008a400000, 0x000000008a500000|  0%| F|  |TAMS 0x000000008a400000, 0x000000008a400000| Untracked 
|  77|0x000000008a500000, 0x000000008a500000, 0x000000008a600000|  0%| F|  |TAMS 0x000000008a500000, 0x000000008a500000| Untracked 
|  78|0x000000008a600000, 0x000000008a600000, 0x000000008a700000|  0%| F|  |TAMS 0x000000008a600000, 0x000000008a600000| Untracked 
|  79|0x000000008a700000, 0x000000008a700000, 0x000000008a800000|  0%| F|  |TAMS 0x000000008a700000, 0x000000008a700000| Untracked 
|  80|0x000000008a800000, 0x000000008a800000, 0x000000008a900000|  0%| F|  |TAMS 0x000000008a800000, 0x000000008a800000| Untracked 
|  81|0x000000008a900000, 0x000000008a900000, 0x000000008aa00000|  0%| F|  |TAMS 0x000000008a900000, 0x000000008a900000| Untracked 
|  82|0x000000008aa00000, 0x000000008aa00000, 0x000000008ab00000|  0%| F|  |TAMS 0x000000008aa00000, 0x000000008aa00000| Untracked 
|  83|0x000000008ab00000, 0x000000008ab00000, 0x000000008ac00000|  0%| F|  |TAMS 0x000000008ab00000, 0x000000008ab00000| Untracked 
|  84|0x000000008ac00000, 0x000000008ac00000, 0x000000008ad00000|  0%| F|  |TAMS 0x000000008ac00000, 0x000000008ac00000| Untracked 
|  85|0x000000008ad00000, 0x000000008ad00000, 0x000000008ae00000|  0%| F|  |TAMS 0x000000008ad00000, 0x000000008ad00000| Untracked 
|  86|0x000000008ae00000, 0x000000008ae00000, 0x000000008af00000|  0%| F|  |TAMS 0x000000008ae00000, 0x000000008ae00000| Untracked 
|  87|0x000000008af00000, 0x000000008af00000, 0x000000008b000000|  0%| F|  |TAMS 0x000000008af00000, 0x000000008af00000| Untracked 
|  88|0x000000008b000000, 0x000000008b000000, 0x000000008b100000|  0%| F|  |TAMS 0x000000008b000000, 0x000000008b000000| Untracked 
|  89|0x000000008b100000, 0x000000008b100000, 0x000000008b200000|  0%| F|  |TAMS 0x000000008b100000, 0x000000008b100000| Untracked 
|  90|0x000000008b200000, 0x000000008b200000, 0x000000008b300000|  0%| F|  |TAMS 0x000000008b200000, 0x000000008b200000| Untracked 
|  91|0x000000008b300000, 0x000000008b300000, 0x000000008b400000|  0%| F|  |TAMS 0x000000008b300000, 0x000000008b300000| Untracked 
|  92|0x000000008b400000, 0x000000008b400000, 0x000000008b500000|  0%| F|  |TAMS 0x000000008b400000, 0x000000008b400000| Untracked 
|  93|0x000000008b500000, 0x000000008b500000, 0x000000008b600000|  0%| F|  |TAMS 0x000000008b500000, 0x000000008b500000| Untracked 
|  94|0x000000008b600000, 0x000000008b600000, 0x000000008b700000|  0%| F|  |TAMS 0x000000008b600000, 0x000000008b600000| Untracked 
|  95|0x000000008b700000, 0x000000008b700000, 0x000000008b800000|  0%| F|  |TAMS 0x000000008b700000, 0x000000008b700000| Untracked 
|  96|0x000000008b800000, 0x000000008b800000, 0x000000008b900000|  0%| F|  |TAMS 0x000000008b800000, 0x000000008b800000| Untracked 
|  97|0x000000008b900000, 0x000000008b900000, 0x000000008ba00000|  0%| F|  |TAMS 0x000000008b900000, 0x000000008b900000| Untracked 
|  98|0x000000008ba00000, 0x000000008ba00000, 0x000000008bb00000|  0%| F|  |TAMS 0x000000008ba00000, 0x000000008ba00000| Untracked 
|  99|0x000000008bb00000, 0x000000008bb00000, 0x000000008bc00000|  0%| F|  |TAMS 0x000000008bb00000, 0x000000008bb00000| Untracked 
| 100|0x000000008bc00000, 0x000000008bc00000, 0x000000008bd00000|  0%| F|  |TAMS 0x000000008bc00000, 0x000000008bc00000| Untracked 
| 101|0x000000008bd00000, 0x000000008bd00000, 0x000000008be00000|  0%| F|  |TAMS 0x000000008bd00000, 0x000000008bd00000| Untracked 
| 102|0x000000008be00000, 0x000000008be00000, 0x000000008bf00000|  0%| F|  |TAMS 0x000000008be00000, 0x000000008be00000| Untracked 
| 103|0x000000008bf00000, 0x000000008bf00000, 0x000000008c000000|  0%| F|  |TAMS 0x000000008bf00000, 0x000000008bf00000| Untracked 
| 104|0x000000008c000000, 0x000000008c000000, 0x000000008c100000|  0%| F|  |TAMS 0x000000008c000000, 0x000000008c000000| Untracked 
| 105|0x000000008c100000, 0x000000008c100000, 0x000000008c200000|  0%| F|  |TAMS 0x000000008c100000, 0x000000008c100000| Untracked 
| 106|0x000000008c200000, 0x000000008c200000, 0x000000008c300000|  0%| F|  |TAMS 0x000000008c200000, 0x000000008c200000| Untracked 
| 107|0x000000008c300000, 0x000000008c300000, 0x000000008c400000|  0%| F|  |TAMS 0x000000008c300000, 0x000000008c300000| Untracked 
| 108|0x000000008c400000, 0x000000008c400000, 0x000000008c500000|  0%| F|  |TAMS 0x000000008c400000, 0x000000008c400000| Untracked 
| 109|0x000000008c500000, 0x000000008c500000, 0x000000008c600000|  0%| F|  |TAMS 0x000000008c500000, 0x000000008c500000| Untracked 
| 110|0x000000008c600000, 0x000000008c600000, 0x000000008c700000|  0%| F|  |TAMS 0x000000008c600000, 0x000000008c600000| Untracked 
| 111|0x000000008c700000, 0x000000008c700000, 0x000000008c800000|  0%| F|  |TAMS 0x000000008c700000, 0x000000008c700000| Untracked 
| 112|0x000000008c800000, 0x000000008c800000, 0x000000008c900000|  0%| F|  |TAMS 0x000000008c800000, 0x000000008c800000| Untracked 
| 113|0x000000008c900000, 0x000000008c900000, 0x000000008ca00000|  0%| F|  |TAMS 0x000000008c900000, 0x000000008c900000| Untracked 
| 114|0x000000008ca00000, 0x000000008ca00000, 0x000000008cb00000|  0%| F|  |TAMS 0x000000008ca00000, 0x000000008ca00000| Untracked 
| 115|0x000000008cb00000, 0x000000008cb00000, 0x000000008cc00000|  0%| F|  |TAMS 0x000000008cb00000, 0x000000008cb00000| Untracked 
| 116|0x000000008cc00000, 0x000000008cc00000, 0x000000008cd00000|  0%| F|  |TAMS 0x000000008cc00000, 0x000000008cc00000| Untracked 
| 117|0x000000008cd00000, 0x000000008cd00000, 0x000000008ce00000|  0%| F|  |TAMS 0x000000008cd00000, 0x000000008cd00000| Untracked 
| 118|0x000000008ce00000, 0x000000008ce00000, 0x000000008cf00000|  0%| F|  |TAMS 0x000000008ce00000, 0x000000008ce00000| Untracked 
| 119|0x000000008cf00000, 0x000000008cf00000, 0x000000008d000000|  0%| F|  |TAMS 0x000000008cf00000, 0x000000008cf00000| Untracked 
| 120|0x000000008d000000, 0x000000008d000000, 0x000000008d100000|  0%| F|  |TAMS 0x000000008d000000, 0x000000008d000000| Untracked 
| 121|0x000000008d100000, 0x000000008d18f9e8, 0x000000008d200000| 56%| E|  |TAMS 0x000000008d100000, 0x000000008d100000| Complete 
| 122|0x000000008d200000, 0x000000008d300000, 0x000000008d300000|100%| E|CS|TAMS 0x000000008d200000, 0x000000008d200000| Complete 
| 123|0x000000008d300000, 0x000000008d400000, 0x000000008d400000|100%| E|CS|TAMS 0x000000008d300000, 0x000000008d300000| Complete 

Card table byte_map: [0x000001b2319f0000,0x000001b231dd0000] _byte_map_base: 0x000001b2315c4000

Marking Bits (Prev, Next): (CMBitMap*) 0x000001b218494710, (CMBitMap*) 0x000001b218494750
 Prev Bits: [0x000001b2321b0000, 0x000001b234050000)
 Next Bits: [0x000001b234050000, 0x000001b235ef0000)

Polling page: 0x000001b218500000

Metaspace:

Usage:
  Non-class:    772.87 KB used.
      Class:     63.12 KB used.
       Both:    835.99 KB used.

Virtual space:
  Non-class space:       64.00 MB reserved,     832.00 KB (  1%) committed,  1 nodes.
      Class space:        1.00 GB reserved,     128.00 KB ( <1%) committed,  1 nodes.
             Both:        1.06 GB reserved,     960.00 KB ( <1%) committed. 

Chunk freelists:
   Non-Class:  3.99 MB
       Class:  3.74 MB
        Both:  7.73 MB

MaxMetaspaceSize: unlimited
CompressedClassSpaceSize: 1.00 GB
Initial GC threshold: 21.00 MB
Current GC threshold: 21.00 MB
CDS: on
MetaspaceReclaimPolicy: balanced
 - commit_granule_bytes: 65536.
 - commit_granule_words: 8192.
 - virtual_space_node_default_size: 8388608.
 - enlarge_chunks_in_place: 1.
 - new_chunks_are_fully_committed: 0.
 - uncommit_free_chunks: 1.
 - use_allocation_guard: 0.


Internal statistics:

num_allocs_failed_limit: 0.
num_arena_births: 8.
num_arena_deaths: 0.
num_vsnodes_births: 2.
num_vsnodes_deaths: 0.
num_space_committed: 15.
num_space_uncommitted: 0.
num_chunks_returned_to_freelist: 0.
num_chunks_taken_from_freelist: 9.
num_chunk_merges: 0.
num_chunk_splits: 4.
num_chunks_enlarged: 2.
num_inconsistent_stats: 0.

CodeHeap 'non-profiled nmethods': size=120000Kb used=71Kb max_used=71Kb free=119928Kb
 bounds [0x000001b229660000, 0x000001b2298d0000, 0x000001b230b90000]
CodeHeap 'profiled nmethods': size=120000Kb used=210Kb max_used=210Kb free=119789Kb
 bounds [0x000001b221b90000, 0x000001b221e00000, 0x000001b2290c0000]
CodeHeap 'non-nmethods': size=5760Kb used=1208Kb max_used=1224Kb free=4552Kb
 bounds [0x000001b2290c0000, 0x000001b229330000, 0x000001b229660000]
 total_blobs=593 nmethods=205 adapters=299
 compilation: enabled
              stopped_count=0, restarted_count=0
 full_count=0

Compilation events (20 events):
Event: 0.086 Thread 0x000001b23cec33c0  204       4       java.util.zip.ZipCoder$UTF8ZipCoder::checkedHash (91 bytes)
Event: 0.086 Thread 0x000001b23cc0e9b0 nmethod 198 0x000001b221bc2790 code [0x000001b221bc2940, 0x000001b221bc2af8]
Event: 0.086 Thread 0x000001b23cc0e9b0  199       3       java.util.zip.ZipUtils::CENEXT (9 bytes)
Event: 0.086 Thread 0x000001b23cc0e9b0 nmethod 199 0x000001b221bc2c10 code [0x000001b221bc2dc0, 0x000001b221bc2f78]
Event: 0.086 Thread 0x000001b23cc0e9b0  201       3       java.util.zip.ZipUtils::CENSIG (8 bytes)
Event: 0.086 Thread 0x000001b23cc0e9b0 nmethod 201 0x000001b221bc3090 code [0x000001b221bc3240, 0x000001b221bc3518]
Event: 0.086 Thread 0x000001b23cc0e9b0  202       3       java.util.zip.ZipFile$Source::isMetaName (141 bytes)
Event: 0.086 Thread 0x000001b23cc0e9b0 nmethod 202 0x000001b221bc3690 code [0x000001b221bc3860, 0x000001b221bc3d78]
Event: 0.086 Thread 0x000001b23cc0e9b0  203       3       java.util.zip.ZipFile$Source::nextEntryPos (22 bytes)
Event: 0.087 Thread 0x000001b23cc0e9b0 nmethod 203 0x000001b221bc3f10 code [0x000001b221bc40e0, 0x000001b221bc4418]
Event: 0.087 Thread 0x000001b23cc0e9b0  205       3       java.lang.String::<init> (7 bytes)
Event: 0.087 Thread 0x000001b23cc0e9b0 nmethod 205 0x000001b221bc4610 code [0x000001b221bc47c0, 0x000001b221bc4908]
Event: 0.089 Thread 0x000001b23cec33c0 nmethod 204 0x000001b22966f990 code [0x000001b22966fb20, 0x000001b22966fdb8]
Event: 0.089 Thread 0x000001b23cec33c0  193       4       java.util.zip.ZipUtils::SH (21 bytes)
Event: 0.090 Thread 0x000001b23cec33c0 nmethod 193 0x000001b22966ff10 code [0x000001b2296700a0, 0x000001b229670158]
Event: 0.090 Thread 0x000001b23cec33c0  160       4       java.util.HashMap::newNode (13 bytes)
Event: 0.092 Thread 0x000001b2385ae570 nmethod 155 0x000001b229670210 code [0x000001b229670420, 0x000001b229671090]
Event: 0.092 Thread 0x000001b23cec33c0 nmethod 160 0x000001b229671790 code [0x000001b229671920, 0x000001b229671a38]
Event: 0.092 Thread 0x000001b23cec33c0  177       4       java.lang.String::equals (56 bytes)
Event: 0.093 Thread 0x000001b23cec33c0 nmethod 177 0x000001b229671b10 code [0x000001b229671ca0, 0x000001b229671e78]

GC Heap History (0 events):
No events

Dll operation events (5 events):
Event: 0.007 Loaded shared library C:\Program Files\Java\jdk-19\bin\java.dll
Event: 0.015 Loaded shared library C:\Program Files\Java\jdk-19\bin\jsvml.dll
Event: 0.063 Loaded shared library C:\Program Files\Java\jdk-19\bin\net.dll
Event: 0.065 Loaded shared library C:\Program Files\Java\jdk-19\bin\nio.dll
Event: 0.082 Loaded shared library C:\Program Files\Java\jdk-19\bin\zip.dll

Deoptimization events (0 events):
No events

Classes loaded (20 events):
Event: 0.090 Loading class java/awt/Window done
Event: 0.090 Loading class java/awt/Frame done
Event: 0.090 Loading class javax/swing/JFrame done
Event: 0.092 Loading class javax/swing/Icon
Event: 0.092 Loading class javax/swing/Icon done
Event: 0.092 Loading class javax/swing/JLabel
Event: 0.092 Loading class javax/swing/SwingConstants
Event: 0.092 Loading class javax/swing/SwingConstants done
Event: 0.092 Loading class javax/swing/JComponent
Event: 0.093 Loading class javax/swing/JComponent done
Event: 0.093 Loading class javax/swing/JLabel done
Event: 0.093 Loading class javax/swing/JMenuBar
Event: 0.093 Loading class javax/swing/MenuElement
Event: 0.093 Loading class javax/swing/MenuElement done
Event: 0.093 Loading class javax/swing/JMenuBar done
Event: 0.093 Loading class java/awt/event/ActionListener
Event: 0.093 Loading class java/util/EventListener
Event: 0.093 Loading class java/util/EventListener done
Event: 0.093 Loading class java/awt/event/ActionListener done
Event: 0.093 Loading class sun/util/logging/PlatformLogger

Classes unloaded (0 events):
No events

Classes redefined (0 events):
No events

Internal exceptions (5 events):
Event: 0.066 Thread 0x000001b218434f40 Exception <a 'sun/nio/fs/WindowsException'{0x000000008d245860}> (0x000000008d245860) 
thrown [s\open\src\hotspot\share\prims\jni.cpp, line 517]
Event: 0.066 Thread 0x000001b218434f40 Exception <a 'sun/nio/fs/WindowsException'{0x000000008d245e10}> (0x000000008d245e10) 
thrown [s\open\src\hotspot\share\prims\jni.cpp, line 517]
Event: 0.067 Thread 0x000001b218434f40 Exception <a 'sun/nio/fs/WindowsException'{0x000000008d2483b8}> (0x000000008d2483b8) 
thrown [s\open\src\hotspot\share\prims\jni.cpp, line 517]
Event: 0.067 Thread 0x000001b218434f40 Exception <a 'sun/nio/fs/WindowsException'{0x000000008d248f48}> (0x000000008d248f48) 
thrown [s\open\src\hotspot\share\prims\jni.cpp, line 517]
Event: 0.068 Thread 0x000001b218434f40 Exception <a 'sun/nio/fs/WindowsException'{0x000000008d249b10}> (0x000000008d249b10) 
thrown [s\open\src\hotspot\share\prims\jni.cpp, line 517]

VM Operations (2 events):
Event: 0.069 Executing VM operation: HandshakeAllThreads
Event: 0.069 Executing VM operation: HandshakeAllThreads done

Events (13 events):
Event: 0.015 Thread 0x000001b218434f40 Thread added: 0x000001b218434f40
Event: 0.035 Thread 0x000001b2385a0720 Thread added: 0x000001b2385a0720
Event: 0.035 Thread 0x000001b2385a1140 Thread added: 0x000001b2385a1140
Event: 0.036 Thread 0x000001b2385a3ed0 Thread added: 0x000001b2385a3ed0
Event: 0.036 Thread 0x000001b2385a48f0 Thread added: 0x000001b2385a48f0
Event: 0.036 Thread 0x000001b2385a7320 Thread added: 0x000001b2385a7320
Event: 0.036 Thread 0x000001b2385a82e0 Thread added: 0x000001b2385a82e0
Event: 0.036 Thread 0x000001b2385ae570 Thread added: 0x000001b2385ae570
Event: 0.036 Thread 0x000001b23cc0e9b0 Thread added: 0x000001b23cc0e9b0
Event: 0.036 Thread 0x000001b2385a7d90 Thread added: 0x000001b2385a7d90
Event: 0.053 Thread 0x000001b2385a8d80 Thread added: 0x000001b2385a8d80
Event: 0.078 Thread 0x000001b2385a9820 Thread added: 0x000001b2385a9820
Event: 0.085 Thread 0x000001b23cec33c0 Thread added: 0x000001b23cec33c0


Dynamic libraries:
0x00007ff621550000 - 0x00007ff621560000 	C:\Program Files\Java\jdk-19\bin\java.exe
0x00007ffd1e110000 - 0x00007ffd1e324000 	C:\WINDOWS\SYSTEM32\ntdll.dll
0x00007ffd1d3a0000 - 0x00007ffd1d463000 	C:\WINDOWS\System32\KERNEL32.DLL
0x00007ffd1b6f0000 - 0x00007ffd1ba8c000 	C:\WINDOWS\System32\KERNELBASE.dll
0x00007ffd1be00000 - 0x00007ffd1bf11000 	C:\WINDOWS\System32\ucrtbase.dll
0x00007ffd169f0000 - 0x00007ffd16a08000 	C:\Program Files\Java\jdk-19\bin\jli.dll
0x00007ffd16780000 - 0x00007ffd1679b000 	C:\Program Files\Java\jdk-19\bin\VCRUNTIME140.dll
0x00007ffd1d7a0000 - 0x00007ffd1d84e000 	C:\WINDOWS\System32\ADVAPI32.dll
0x00007ffd1d0b0000 - 0x00007ffd1d157000 	C:\WINDOWS\System32\msvcrt.dll
0x00007ffd1d580000 - 0x00007ffd1d624000 	C:\WINDOWS\System32\sechost.dll
0x00007ffd1bf20000 - 0x00007ffd1c035000 	C:\WINDOWS\System32\RPCRT4.dll
0x00007ffd1cc60000 - 0x00007ffd1ce0d000 	C:\WINDOWS\System32\USER32.dll
0x00007ffd1b550000 - 0x00007ffd1b576000 	C:\WINDOWS\System32\win32u.dll
0x00007ffd1d850000 - 0x00007ffd1d879000 	C:\WINDOWS\System32\GDI32.dll
0x00007ffcfbed0000 - 0x00007ffcfc15e000 	C:\WINDOWS\WinSxS\amd64_microsoft.windows.common-controls_6595b64144ccf1df_6.0.22621.608_none_a9444ca7c10bb01d\COMCTL32.dll
0x00007ffd1bb30000 - 0x00007ffd1bc42000 	C:\WINDOWS\System32\gdi32full.dll
0x00007ffd1ba90000 - 0x00007ffd1bb2a000 	C:\WINDOWS\System32\msvcp_win.dll
0x00007ffd0e330000 - 0x00007ffd0e33a000 	C:\WINDOWS\SYSTEM32\VERSION.dll
0x00007ffd1cc20000 - 0x00007ffd1cc52000 	C:\WINDOWS\System32\IMM32.DLL
0x00007ffd16770000 - 0x00007ffd1677c000 	C:\Program Files\Java\jdk-19\bin\vcruntime140_1.dll
0x00007ffcd0930000 - 0x00007ffcd09be000 	C:\Program Files\Java\jdk-19\bin\msvcp140.dll
0x00007ffccbb70000 - 0x00007ffccc830000 	C:\Program Files\Java\jdk-19\bin\server\jvm.dll
0x00007ffd10740000 - 0x00007ffd10774000 	C:\WINDOWS\SYSTEM32\WINMM.dll
0x00007ffcf7530000 - 0x00007ffcf7539000 	C:\WINDOWS\SYSTEM32\WSOCK32.dll
0x00007ffd1c0f0000 - 0x00007ffd1c161000 	C:\WINDOWS\System32\WS2_32.dll
0x00007ffd1a690000 - 0x00007ffd1a6a8000 	C:\WINDOWS\SYSTEM32\kernel.appcore.dll
0x00007ffd025e0000 - 0x00007ffd025ea000 	C:\Program Files\Java\jdk-19\bin\jimage.dll
0x00007ffd18ae0000 - 0x00007ffd18d0e000 	C:\WINDOWS\SYSTEM32\DBGHELP.DLL
0x00007ffd1c410000 - 0x00007ffd1c79a000 	C:\WINDOWS\System32\combase.dll
0x00007ffd1ce10000 - 0x00007ffd1cee7000 	C:\WINDOWS\System32\OLEAUT32.dll
0x00007ffcfa6e0000 - 0x00007ffcfa712000 	C:\WINDOWS\SYSTEM32\dbgcore.DLL
0x00007ffd1bcc0000 - 0x00007ffd1bd3b000 	C:\WINDOWS\System32\bcryptPrimitives.dll
0x00007ffd02600000 - 0x00007ffd02626000 	C:\Program Files\Java\jdk-19\bin\java.dll
0x00007ffcd09c0000 - 0x00007ffcd0a97000 	C:\Program Files\Java\jdk-19\bin\jsvml.dll
0x00007ffd1d8e0000 - 0x00007ffd1e0cf000 	C:\WINDOWS\System32\SHELL32.dll
0x00007ffd19570000 - 0x00007ffd19e38000 	C:\WINDOWS\SYSTEM32\windows.storage.dll
0x00007ffd19430000 - 0x00007ffd1956e000 	C:\WINDOWS\SYSTEM32\wintypes.dll
0x00007ffd1d160000 - 0x00007ffd1d251000 	C:\WINDOWS\System32\SHCORE.dll
0x00007ffd1d880000 - 0x00007ffd1d8de000 	C:\WINDOWS\System32\shlwapi.dll
0x00007ffd1b480000 - 0x00007ffd1b4a1000 	C:\WINDOWS\SYSTEM32\profapi.dll
0x00007ffd167a0000 - 0x00007ffd167b3000 	C:\Program Files\Java\jdk-19\bin\net.dll
0x00007ffd15bb0000 - 0x00007ffd15cdf000 	C:\WINDOWS\SYSTEM32\WINHTTP.dll
0x00007ffd1ab00000 - 0x00007ffd1ab69000 	C:\WINDOWS\system32\mswsock.dll
0x00007ffcfaa20000 - 0x00007ffcfaa36000 	C:\Program Files\Java\jdk-19\bin\nio.dll
0x00007ffcefce0000 - 0x00007ffcefcf8000 	C:\Program Files\Java\jdk-19\bin\zip.dll

dbghelp: loaded successfully - version: 4.0.5 - missing functions: none
symbol engine: initialized successfully - sym options: 0x614 - pdb path: .;C:\Program Files\Java\jdk-19\bin;C:\WINDOWS\SYSTEM32;C:\WINDOWS\WinSxS\amd64_microsoft.windows.common-controls_6595b64144ccf1df_6.0.22621.608_none_a9444ca7c10bb01d;C:\Program Files\Java\jdk-19\bin\server

VM Arguments:
jvm_args: -Dfile.encoding=UTF-8 --module-path=C:\Users\zyona\OneDrive\Documents\NetBeansProjects\Hotel Management System\build\classes 
java_command: hotel.management.system.DashBoard
java_class_path (initial): C:\Program Files\NetBeans-16\netbeans\java\modules\ext\AbsoluteLayout.jar;C:\Program Files\mysql-connector-java-8.0.28\mysql-connector-java-8.0.28.jar;C:\Users\zyona\OneDrive\Documents\NetBeansProjects\Hotel Management System\build\classes
Launcher Type: SUN_STANDARD

[Global flags]
     intx CICompilerCount                          = 4                                         {product} {ergonomic}
     uint ConcGCThreads                            = 2                                         {product} {ergonomic}
     uint G1ConcRefinementThreads                  = 8                                         {product} {ergonomic}
   size_t G1HeapRegionSize                         = 1048576                                   {product} {ergonomic}
    uintx GCDrainStackTargetSize                   = 64                                        {product} {ergonomic}
   size_t InitialHeapSize                          = 130023424                                 {product} {ergonomic}
   size_t MarkStackSize                            = 4194304                                   {product} {ergonomic}
   size_t MaxHeapSize                              = 2055208960                                {product} {ergonomic}
   size_t MaxNewSize                               = 1233125376                                {product} {ergonomic}
   size_t MinHeapDeltaBytes                        = 1048576                                   {product} {ergonomic}
   size_t MinHeapSize                              = 8388608                                   {product} {ergonomic}
    uintx NonNMethodCodeHeapSize                   = 5839372                                {pd product} {ergonomic}
    uintx NonProfiledCodeHeapSize                  = 122909434                              {pd product} {ergonomic}
    uintx ProfiledCodeHeapSize                     = 122909434                              {pd product} {ergonomic}
    uintx ReservedCodeCacheSize                    = 251658240                              {pd product} {ergonomic}
     bool SegmentedCodeCache                       = true                                      {product} {ergonomic}
   size_t SoftMaxHeapSize                          = 2055208960                             {manageable} {ergonomic}
     bool UseCompressedClassPointers               = true                           {product lp64_product} {ergonomic}
     bool UseCompressedOops                        = true                           {product lp64_product} {ergonomic}
     bool UseG1GC                                  = true                                      {product} {ergonomic}
     bool UseLargePagesIndividualAllocation        = false                                  {pd product} {ergonomic}

Logging:
Log output configuration:
 #0: stdout all=warning uptime,level,tags foldmultilines=false
 #1: stderr all=off uptime,level,tags foldmultilines=false

Environment Variables:
PATH=C:\Program Files\Common Files\Oracle\Java\javapath;C:\WINDOWS\system32;C:\WINDOWS;C:\WINDOWS\System32\Wbem;C:\WINDOWS\System32\WindowsPowerShell\v1.0\;C:\WINDOWS\System32\OpenSSH\;C:\Program Files\MySQL\MySQL Server 8.0\bin;C:\Program Files\dotnet\;C:\Program Files\MySQL\MySQL Shell 8.0\bin\;C:\Users\zyona\AppData\Local\Microsoft\WindowsApps;;C:\Program Files\JetBrains\IntelliJ IDEA Community Edition 2022.3\bin;
USERNAME=zyona
OS=Windows_NT
PROCESSOR_IDENTIFIER=Intel64 Family 6 Model 140 Stepping 1, GenuineIntel
TMP=C:\Users\zyona\AppData\Local\Temp
TEMP=C:\Users\zyona\AppData\Local\Temp



---------------  S Y S T E M  ---------------

OS:
 Windows 11 , 64 bit Build 22621 (10.0.22621.1194)
OS uptime: 0 days 6:20 hours

CPU: total 8 (initial active 8) (4 cores per cpu, 2 threads per core) family 6 model 140 stepping 1 microcode 0x9a, cx8, cmov, fxsr, ht, mmx, 3dnowpref, sse, sse2, sse3, ssse3, sse4.1, sse4.2, popcnt, lzcnt, tsc, tscinvbit, avx, avx2, aes, erms, clmul, bmi1, bmi2, adx, avx512f, avx512dq, avx512cd, avx512bw, avx512vl, sha, fma, vzeroupper, avx512_vpopcntdq, avx512_vpclmulqdq, avx512_vaes, avx512_vnni, clflush, clflushopt, clwb, avx512_vbmi2, avx512_vbmi, rdtscp, rdpid, fsrm, gfni, avx512_bitalg

Memory: 4k page, system-wide physical 7834M (420M free)
TotalPageFile size 25337M (AvailPageFile size 2M)
current process WorkingSet (physical memory assigned to process): 35M, peak: 35M
current process commit charge ("private bytes"): 209M, peak: 209M

vm_info: Java HotSpot(TM) 64-Bit Server VM (19.0.1+10-21) for windows-amd64 JRE (19.0.1+10-21), built on 2022-09-14T12:45:06Z by "mach5one" with MS VC++ 17.1 (VS2022)

END.
